{"D:\\Sites\\cc\\frontend-hub\\src\\app\\layout.tsx": {"path":"D:\\Sites\\cc\\frontend-hub\\src\\app\\layout.tsx","statementMap":{"0":{"start":{"line":33,"column":24},"end":{"line":33,"column":35}},"1":{"start":{"line":11,"column":13},"end":{"line":11,"column":21}},"2":{"start":{"line":2,"column":22},"end":{"line":2,"column":null}},"3":{"start":{"line":3,"column":7},"end":{"line":3,"column":null}},"4":{"start":{"line":4,"column":30},"end":{"line":4,"column":null}},"5":{"start":{"line":5,"column":17},"end":{"line":5,"column":null}},"6":{"start":{"line":6,"column":22},"end":{"line":6,"column":null}},"7":{"start":{"line":7,"column":26},"end":{"line":7,"column":null}},"8":{"start":{"line":9,"column":14},"end":{"line":9,"column":null}},"9":{"start":{"line":11,"column":34},"end":{"line":31,"column":null}}},"fnMap":{"0":{"name":"RootLayout","decl":{"start":{"line":33,"column":24},"end":{"line":33,"column":35}},"loc":{"start":{"line":37,"column":1},"end":{"line":105,"column":1}}}},"branchMap":{},"s":{"0":0,"1":0,"2":0,"3":0,"4":0,"5":0,"6":0,"7":0,"8":0,"9":0},"f":{"0":0},"b":{}}
,"D:\\Sites\\cc\\frontend-hub\\src\\app\\page.tsx": {"path":"D:\\Sites\\cc\\frontend-hub\\src\\app\\page.tsx","statementMap":{"0":{"start":{"line":286,"column":24},"end":{"line":286,"column":null}},"1":{"start":{"line":3,"column":25},"end":{"line":3,"column":null}},"2":{"start":{"line":4,"column":25},"end":{"line":4,"column":null}},"3":{"start":{"line":5,"column":51},"end":{"line":5,"column":null}},"4":{"start":{"line":6,"column":23},"end":{"line":6,"column":null}},"5":{"start":{"line":9,"column":28},"end":{"line":9,"column":null}},"6":{"start":{"line":10,"column":25},"end":{"line":10,"column":null}},"7":{"start":{"line":11,"column":32},"end":{"line":11,"column":null}},"8":{"start":{"line":12,"column":29},"end":{"line":12,"column":null}},"9":{"start":{"line":13,"column":23},"end":{"line":13,"column":null}},"10":{"start":{"line":20,"column":19},"end":{"line":20,"column":null}},"11":{"start":{"line":21,"column":2},"end":{"line":21,"column":null}},"12":{"start":{"line":21,"column":20},"end":{"line":21,"column":null}},"13":{"start":{"line":22,"column":2},"end":{"line":22,"column":null}},"14":{"start":{"line":26,"column":19},"end":{"line":26,"column":null}},"15":{"start":{"line":27,"column":2},"end":{"line":27,"column":null}},"16":{"start":{"line":27,"column":20},"end":{"line":27,"column":null}},"17":{"start":{"line":28,"column":2},"end":{"line":28,"column":null}},"18":{"start":{"line":32,"column":19},"end":{"line":32,"column":null}},"19":{"start":{"line":33,"column":2},"end":{"line":33,"column":null}},"20":{"start":{"line":33,"column":20},"end":{"line":33,"column":null}},"21":{"start":{"line":34,"column":2},"end":{"line":34,"column":null}},"22":{"start":{"line":38,"column":44},"end":{"line":41,"column":null}},"23":{"start":{"line":43,"column":2},"end":{"line":57,"column":null}},"24":{"start":{"line":49,"column":14},"end":{"line":49,"column":27}},"25":{"start":{"line":59,"column":2},"end":{"line":67,"column":null}},"26":{"start":{"line":125,"column":51},"end":{"line":128,"column":null}},"27":{"start":{"line":130,"column":2},"end":{"line":147,"column":null}},"28":{"start":{"line":139,"column":14},"end":{"line":139,"column":27}},"29":{"start":{"line":149,"column":2},"end":{"line":160,"column":null}},"30":{"start":{"line":183,"column":12},"end":{"line":184,"column":null}},"31":{"start":{"line":188,"column":16},"end":{"line":188,"column":null}},"32":{"start":{"line":206,"column":48},"end":{"line":209,"column":null}},"33":{"start":{"line":211,"column":2},"end":{"line":228,"column":null}},"34":{"start":{"line":220,"column":14},"end":{"line":220,"column":27}},"35":{"start":{"line":230,"column":2},"end":{"line":241,"column":null}},"36":{"start":{"line":264,"column":12},"end":{"line":265,"column":null}},"37":{"start":{"line":269,"column":16},"end":{"line":269,"column":null}},"38":{"start":{"line":291,"column":10},"end":{"line":291,"column":null}},"39":{"start":{"line":295,"column":10},"end":{"line":295,"column":null}}},"fnMap":{"0":{"name":"fetchHubStats","decl":{"start":{"line":19,"column":15},"end":{"line":19,"column":null}},"loc":{"start":{"line":19,"column":15},"end":{"line":23,"column":null}}},"1":{"name":"fetchFeaturedAssociations","decl":{"start":{"line":25,"column":15},"end":{"line":25,"column":null}},"loc":{"start":{"line":25,"column":15},"end":{"line":29,"column":null}}},"2":{"name":"fetchPopularCampaigns","decl":{"start":{"line":31,"column":15},"end":{"line":31,"column":null}},"loc":{"start":{"line":31,"column":15},"end":{"line":35,"column":null}}},"3":{"name":"StatsSection","decl":{"start":{"line":37,"column":9},"end":{"line":37,"column":null}},"loc":{"start":{"line":37,"column":9},"end":{"line":122,"column":null}}},"4":{"name":"(anonymous_5)","decl":{"start":{"line":48,"column":43},"end":{"line":48,"column":44}},"loc":{"start":{"line":49,"column":14},"end":{"line":49,"column":27}}},"5":{"name":"FeaturedAssociationsSection","decl":{"start":{"line":124,"column":9},"end":{"line":124,"column":null}},"loc":{"start":{"line":124,"column":9},"end":{"line":203,"column":null}}},"6":{"name":"(anonymous_7)","decl":{"start":{"line":138,"column":43},"end":{"line":138,"column":44}},"loc":{"start":{"line":139,"column":14},"end":{"line":139,"column":27}}},"7":{"name":"(anonymous_8)","decl":{"start":{"line":182,"column":28},"end":{"line":182,"column":29}},"loc":{"start":{"line":183,"column":12},"end":{"line":184,"column":null}}},"8":{"name":"(anonymous_9)","decl":{"start":{"line":187,"column":23},"end":{"line":187,"column":24}},"loc":{"start":{"line":187,"column":24},"end":{"line":190,"column":null}}},"9":{"name":"PopularCampaignsSection","decl":{"start":{"line":205,"column":9},"end":{"line":205,"column":null}},"loc":{"start":{"line":205,"column":9},"end":{"line":284,"column":null}}},"10":{"name":"(anonymous_11)","decl":{"start":{"line":219,"column":43},"end":{"line":219,"column":44}},"loc":{"start":{"line":220,"column":14},"end":{"line":220,"column":27}}},"11":{"name":"(anonymous_12)","decl":{"start":{"line":263,"column":25},"end":{"line":263,"column":26}},"loc":{"start":{"line":264,"column":12},"end":{"line":265,"column":null}}},"12":{"name":"(anonymous_13)","decl":{"start":{"line":268,"column":23},"end":{"line":268,"column":24}},"loc":{"start":{"line":268,"column":24},"end":{"line":271,"column":null}}},"13":{"name":"HomePage","decl":{"start":{"line":286,"column":24},"end":{"line":286,"column":null}},"loc":{"start":{"line":286,"column":24},"end":{"line":313,"column":null}}},"14":{"name":"(anonymous_15)","decl":{"start":{"line":290,"column":23},"end":{"line":290,"column":null}},"loc":{"start":{"line":290,"column":23},"end":{"line":293,"column":null}}},"15":{"name":"(anonymous_16)","decl":{"start":{"line":294,"column":24},"end":{"line":294,"column":null}},"loc":{"start":{"line":294,"column":24},"end":{"line":297,"column":null}}}},"branchMap":{"0":{"loc":{"start":{"line":21,"column":2},"end":{"line":21,"column":null}},"type":"if","locations":[{"start":{"line":21,"column":2},"end":{"line":21,"column":null}}]},"1":{"loc":{"start":{"line":27,"column":2},"end":{"line":27,"column":null}},"type":"if","locations":[{"start":{"line":27,"column":2},"end":{"line":27,"column":null}}]},"2":{"loc":{"start":{"line":33,"column":2},"end":{"line":33,"column":null}},"type":"if","locations":[{"start":{"line":33,"column":2},"end":{"line":33,"column":null}}]},"3":{"loc":{"start":{"line":43,"column":2},"end":{"line":57,"column":null}},"type":"if","locations":[{"start":{"line":43,"column":2},"end":{"line":57,"column":null}}]},"4":{"loc":{"start":{"line":59,"column":2},"end":{"line":67,"column":null}},"type":"if","locations":[{"start":{"line":59,"column":2},"end":{"line":67,"column":null}}]},"5":{"loc":{"start":{"line":59,"column":6},"end":{"line":59,"column":23}},"type":"binary-expr","locations":[{"start":{"line":59,"column":6},"end":{"line":59,"column":15}},{"start":{"line":59,"column":15},"end":{"line":59,"column":23}}]},"6":{"loc":{"start":{"line":130,"column":2},"end":{"line":147,"column":null}},"type":"if","locations":[{"start":{"line":130,"column":2},"end":{"line":147,"column":null}}]},"7":{"loc":{"start":{"line":149,"column":2},"end":{"line":160,"column":null}},"type":"if","locations":[{"start":{"line":149,"column":2},"end":{"line":160,"column":null}}]},"8":{"loc":{"start":{"line":149,"column":6},"end":{"line":149,"column":38}},"type":"binary-expr","locations":[{"start":{"line":149,"column":6},"end":{"line":149,"column":15}},{"start":{"line":149,"column":15},"end":{"line":149,"column":38}}]},"9":{"loc":{"start":{"line":211,"column":2},"end":{"line":228,"column":null}},"type":"if","locations":[{"start":{"line":211,"column":2},"end":{"line":228,"column":null}}]},"10":{"loc":{"start":{"line":230,"column":2},"end":{"line":241,"column":null}},"type":"if","locations":[{"start":{"line":230,"column":2},"end":{"line":241,"column":null}}]},"11":{"loc":{"start":{"line":230,"column":6},"end":{"line":230,"column":35}},"type":"binary-expr","locations":[{"start":{"line":230,"column":6},"end":{"line":230,"column":15}},{"start":{"line":230,"column":15},"end":{"line":230,"column":35}}]}},"s":{"0":0,"1":0,"2":0,"3":0,"4":0,"5":0,"6":0,"7":0,"8":0,"9":0,"10":0,"11":0,"12":0,"13":0,"14":0,"15":0,"16":0,"17":0,"18":0,"19":0,"20":0,"21":0,"22":0,"23":0,"24":0,"25":0,"26":0,"27":0,"28":0,"29":0,"30":0,"31":0,"32":0,"33":0,"34":0,"35":0,"36":0,"37":0,"38":0,"39":0},"f":{"0":0,"1":0,"2":0,"3":0,"4":0,"5":0,"6":0,"7":0,"8":0,"9":0,"10":0,"11":0,"12":0,"13":0,"14":0,"15":0},"b":{"0":[0],"1":[0],"2":[0],"3":[0],"4":[0],"5":[0,0],"6":[0],"7":[0],"8":[0,0],"9":[0],"10":[0],"11":[0,0]}}
,"D:\\Sites\\cc\\frontend-hub\\src\\app\\associations\\page.tsx": {"path":"D:\\Sites\\cc\\frontend-hub\\src\\app\\associations\\page.tsx","statementMap":{"0":{"start":{"line":59,"column":24},"end":{"line":59,"column":null}},"1":{"start":{"line":3,"column":25},"end":{"line":3,"column":null}},"2":{"start":{"line":5,"column":25},"end":{"line":5,"column":null}},"3":{"start":{"line":6,"column":23},"end":{"line":6,"column":null}},"4":{"start":{"line":7,"column":23},"end":{"line":7,"column":null}},"5":{"start":{"line":10,"column":26},"end":{"line":10,"column":null}},"6":{"start":{"line":11,"column":43},"end":{"line":11,"column":null}},"7":{"start":{"line":12,"column":32},"end":{"line":12,"column":null}},"8":{"start":{"line":13,"column":43},"end":{"line":13,"column":null}},"9":{"start":{"line":14,"column":29},"end":{"line":14,"column":null}},"10":{"start":{"line":15,"column":23},"end":{"line":15,"column":null}},"11":{"start":{"line":40,"column":23},"end":{"line":40,"column":null}},"12":{"start":{"line":42,"column":2},"end":{"line":46,"column":null}},"13":{"start":{"line":43,"column":4},"end":{"line":45,"column":null}},"14":{"start":{"line":44,"column":6},"end":{"line":44,"column":null}},"15":{"start":{"line":48,"column":19},"end":{"line":49,"column":null}},"16":{"start":{"line":52,"column":2},"end":{"line":54,"column":null}},"17":{"start":{"line":53,"column":4},"end":{"line":53,"column":null}},"18":{"start":{"line":56,"column":2},"end":{"line":56,"column":null}},"19":{"start":{"line":60,"column":42},"end":{"line":64,"column":null}},"20":{"start":{"line":72,"column":6},"end":{"line":76,"column":null}},"21":{"start":{"line":74,"column":19},"end":{"line":74,"column":null}},"22":{"start":{"line":78,"column":23},"end":{"line":84,"column":null}},"23":{"start":{"line":79,"column":4},"end":{"line":83,"column":null}},"24":{"start":{"line":79,"column":29},"end":{"line":83,"column":null}},"25":{"start":{"line":86,"column":29},"end":{"line":93,"column":null}},"26":{"start":{"line":87,"column":4},"end":{"line":92,"column":null}},"27":{"start":{"line":87,"column":29},"end":{"line":92,"column":null}},"28":{"start":{"line":95,"column":27},"end":{"line":103,"column":null}},"29":{"start":{"line":96,"column":4},"end":{"line":99,"column":null}},"30":{"start":{"line":96,"column":29},"end":{"line":99,"column":null}},"31":{"start":{"line":102,"column":4},"end":{"line":102,"column":null}},"32":{"start":{"line":105,"column":28},"end":{"line":111,"column":null}},"33":{"start":{"line":106,"column":4},"end":{"line":110,"column":null}},"34":{"start":{"line":200,"column":20},"end":{"line":200,"column":null}},"35":{"start":{"line":215,"column":43},"end":{"line":215,"column":54}},"36":{"start":{"line":252,"column":22},"end":{"line":253,"column":null}},"37":{"start":{"line":257,"column":26},"end":{"line":257,"column":null}}},"fnMap":{"0":{"name":"searchAssociations","decl":{"start":{"line":39,"column":15},"end":{"line":39,"column":34}},"loc":{"start":{"line":39,"column":54},"end":{"line":57,"column":null}}},"1":{"name":"(anonymous_2)","decl":{"start":{"line":42,"column":33},"end":{"line":42,"column":34}},"loc":{"start":{"line":42,"column":46},"end":{"line":46,"column":null}}},"2":{"name":"AssociationsPage","decl":{"start":{"line":59,"column":24},"end":{"line":59,"column":null}},"loc":{"start":{"line":59,"column":24},"end":{"line":287,"column":null}}},"3":{"name":"(anonymous_4)","decl":{"start":{"line":74,"column":13},"end":{"line":74,"column":19}},"loc":{"start":{"line":74,"column":19},"end":{"line":74,"column":null}}},"4":{"name":"(anonymous_5)","decl":{"start":{"line":78,"column":23},"end":{"line":78,"column":24}},"loc":{"start":{"line":78,"column":24},"end":{"line":84,"column":null}}},"5":{"name":"(anonymous_6)","decl":{"start":{"line":79,"column":20},"end":{"line":79,"column":29}},"loc":{"start":{"line":79,"column":29},"end":{"line":83,"column":null}}},"6":{"name":"(anonymous_7)","decl":{"start":{"line":86,"column":29},"end":{"line":86,"column":30}},"loc":{"start":{"line":86,"column":30},"end":{"line":93,"column":null}}},"7":{"name":"(anonymous_8)","decl":{"start":{"line":87,"column":20},"end":{"line":87,"column":29}},"loc":{"start":{"line":87,"column":29},"end":{"line":92,"column":null}}},"8":{"name":"(anonymous_9)","decl":{"start":{"line":95,"column":27},"end":{"line":95,"column":28}},"loc":{"start":{"line":95,"column":28},"end":{"line":103,"column":null}}},"9":{"name":"(anonymous_10)","decl":{"start":{"line":96,"column":20},"end":{"line":96,"column":29}},"loc":{"start":{"line":96,"column":29},"end":{"line":99,"column":null}}},"10":{"name":"(anonymous_11)","decl":{"start":{"line":105,"column":28},"end":{"line":105,"column":null}},"loc":{"start":{"line":105,"column":28},"end":{"line":111,"column":null}}},"11":{"name":"(anonymous_12)","decl":{"start":{"line":199,"column":49},"end":{"line":199,"column":50}},"loc":{"start":{"line":200,"column":20},"end":{"line":200,"column":null}}},"12":{"name":"(anonymous_13)","decl":{"start":{"line":215,"column":37},"end":{"line":215,"column":43}},"loc":{"start":{"line":215,"column":43},"end":{"line":215,"column":54}}},"13":{"name":"(anonymous_14)","decl":{"start":{"line":251,"column":47},"end":{"line":251,"column":48}},"loc":{"start":{"line":252,"column":22},"end":{"line":253,"column":null}}},"14":{"name":"(anonymous_15)","decl":{"start":{"line":256,"column":33},"end":{"line":256,"column":34}},"loc":{"start":{"line":256,"column":34},"end":{"line":259,"column":null}}}},"branchMap":{"0":{"loc":{"start":{"line":43,"column":4},"end":{"line":45,"column":null}},"type":"if","locations":[{"start":{"line":43,"column":4},"end":{"line":45,"column":null}}]},"1":{"loc":{"start":{"line":43,"column":8},"end":{"line":43,"column":45}},"type":"binary-expr","locations":[{"start":{"line":43,"column":8},"end":{"line":43,"column":31}},{"start":{"line":43,"column":31},"end":{"line":43,"column":45}}]},"2":{"loc":{"start":{"line":52,"column":2},"end":{"line":54,"column":null}},"type":"if","locations":[{"start":{"line":52,"column":2},"end":{"line":54,"column":null}}]},"3":{"loc":{"start":{"line":91,"column":16},"end":{"line":91,"column":72}},"type":"cond-expr","locations":[{"start":{"line":91,"column":44},"end":{"line":91,"column":56}},{"start":{"line":91,"column":56},"end":{"line":91,"column":72}}]},"4":{"loc":{"start":{"line":172,"column":15},"end":{"line":172,"column":27}},"type":"binary-expr","locations":[{"start":{"line":172,"column":15},"end":{"line":172,"column":27}},{"start":{"line":172,"column":27},"end":{"line":172,"column":null}}]},"5":{"loc":{"start":{"line":188,"column":23},"end":{"line":188,"column":81}},"type":"binary-expr","locations":[{"start":{"line":188,"column":23},"end":{"line":188,"column":41}},{"start":{"line":188,"column":45},"end":{"line":188,"column":81}}]},"6":{"loc":{"start":{"line":189,"column":23},"end":{"line":189,"column":88}},"type":"binary-expr","locations":[{"start":{"line":189,"column":23},"end":{"line":189,"column":44}},{"start":{"line":189,"column":48},"end":{"line":189,"column":88}}]},"7":{"loc":{"start":{"line":190,"column":23},"end":{"line":190,"column":83}},"type":"binary-expr","locations":[{"start":{"line":190,"column":23},"end":{"line":190,"column":44}},{"start":{"line":190,"column":48},"end":{"line":190,"column":83}}]},"8":{"loc":{"start":{"line":197,"column":15},"end":{"line":197,"column":null}},"type":"binary-expr","locations":[{"start":{"line":197,"column":15},"end":{"line":197,"column":null}}]},"9":{"loc":{"start":{"line":205,"column":15},"end":{"line":205,"column":null}},"type":"binary-expr","locations":[{"start":{"line":205,"column":15},"end":{"line":205,"column":null}}]},"10":{"loc":{"start":{"line":223,"column":15},"end":{"line":223,"column":27}},"type":"binary-expr","locations":[{"start":{"line":223,"column":15},"end":{"line":223,"column":27}},{"start":{"line":223,"column":27},"end":{"line":223,"column":65}},{"start":{"line":223,"column":65},"end":{"line":223,"column":null}}]},"11":{"loc":{"start":{"line":243,"column":15},"end":{"line":243,"column":27}},"type":"binary-expr","locations":[{"start":{"line":243,"column":15},"end":{"line":243,"column":27}},{"start":{"line":243,"column":27},"end":{"line":243,"column":63}},{"start":{"line":243,"column":63},"end":{"line":243,"column":null}}]},"12":{"loc":{"start":{"line":265,"column":19},"end":{"line":265,"column":null}},"type":"binary-expr","locations":[{"start":{"line":265,"column":19},"end":{"line":265,"column":null}}]}},"s":{"0":0,"1":0,"2":0,"3":0,"4":0,"5":0,"6":0,"7":0,"8":0,"9":0,"10":0,"11":0,"12":0,"13":0,"14":0,"15":0,"16":0,"17":0,"18":0,"19":0,"20":0,"21":0,"22":0,"23":0,"24":0,"25":0,"26":0,"27":0,"28":0,"29":0,"30":0,"31":0,"32":0,"33":0,"34":0,"35":0,"36":0,"37":0},"f":{"0":0,"1":0,"2":0,"3":0,"4":0,"5":0,"6":0,"7":0,"8":0,"9":0,"10":0,"11":0,"12":0,"13":0,"14":0},"b":{"0":[0],"1":[0,0],"2":[0],"3":[0,0],"4":[0,0],"5":[0,0],"6":[0,0],"7":[0,0],"8":[0],"9":[0],"10":[0,0,0],"11":[0,0,0],"12":[0]}}
,"D:\\Sites\\cc\\frontend-hub\\src\\app\\associations\\[id]\\page.tsx": {"path":"D:\\Sites\\cc\\frontend-hub\\src\\app\\associations\\[id]\\page.tsx","statementMap":{"0":{"start":{"line":93,"column":24},"end":{"line":93,"column":null}},"1":{"start":{"line":3,"column":36},"end":{"line":3,"column":null}},"2":{"start":{"line":4,"column":26},"end":{"line":4,"column":null}},"3":{"start":{"line":5,"column":23},"end":{"line":5,"column":null}},"4":{"start":{"line":23,"column":7},"end":{"line":23,"column":null}},"5":{"start":{"line":24,"column":17},"end":{"line":24,"column":null}},"6":{"start":{"line":25,"column":18},"end":{"line":25,"column":null}},"7":{"start":{"line":27,"column":23},"end":{"line":27,"column":null}},"8":{"start":{"line":28,"column":22},"end":{"line":28,"column":null}},"9":{"start":{"line":29,"column":21},"end":{"line":29,"column":null}},"10":{"start":{"line":30,"column":28},"end":{"line":30,"column":null}},"11":{"start":{"line":31,"column":29},"end":{"line":31,"column":null}},"12":{"start":{"line":32,"column":28},"end":{"line":32,"column":null}},"13":{"start":{"line":33,"column":30},"end":{"line":33,"column":null}},"14":{"start":{"line":34,"column":30},"end":{"line":34,"column":null}},"15":{"start":{"line":35,"column":31},"end":{"line":35,"column":null}},"16":{"start":{"line":37,"column":36},"end":{"line":37,"column":null}},"17":{"start":{"line":40,"column":65},"end":{"line":91,"column":null}},"18":{"start":{"line":94,"column":17},"end":{"line":94,"column":null}},"19":{"start":{"line":95,"column":40},"end":{"line":95,"column":null}},"20":{"start":{"line":96,"column":36},"end":{"line":96,"column":null}},"21":{"start":{"line":97,"column":38},"end":{"line":97,"column":null}},"22":{"start":{"line":98,"column":36},"end":{"line":98,"column":null}},"23":{"start":{"line":99,"column":56},"end":{"line":99,"column":null}},"24":{"start":{"line":101,"column":2},"end":{"line":107,"column":null}},"25":{"start":{"line":103,"column":4},"end":{"line":106,"column":null}},"26":{"start":{"line":104,"column":6},"end":{"line":104,"column":null}},"27":{"start":{"line":105,"column":6},"end":{"line":105,"column":null}},"28":{"start":{"line":109,"column":31},"end":{"line":111,"column":null}},"29":{"start":{"line":110,"column":4},"end":{"line":110,"column":null}},"30":{"start":{"line":113,"column":2},"end":{"line":136,"column":null}},"31":{"start":{"line":124,"column":18},"end":{"line":124,"column":31}},"32":{"start":{"line":138,"column":2},"end":{"line":150,"column":null}},"33":{"start":{"line":152,"column":21},"end":{"line":152,"column":118}},"34":{"start":{"line":249,"column":27},"end":{"line":249,"column":35}},"35":{"start":{"line":250,"column":14},"end":{"line":252,"column":null}},"36":{"start":{"line":253,"column":33},"end":{"line":253,"column":null}},"37":{"start":{"line":291,"column":39},"end":{"line":291,"column":null}},"38":{"start":{"line":320,"column":59},"end":{"line":320,"column":null}},"39":{"start":{"line":330,"column":22},"end":{"line":330,"column":54}},"40":{"start":{"line":363,"column":20},"end":{"line":363,"column":52}}},"fnMap":{"0":{"name":"AssociationDetailPage","decl":{"start":{"line":93,"column":24},"end":{"line":93,"column":null}},"loc":{"start":{"line":93,"column":24},"end":{"line":537,"column":null}}},"1":{"name":"(anonymous_3)","decl":{"start":{"line":101,"column":12},"end":{"line":101,"column":null}},"loc":{"start":{"line":101,"column":12},"end":{"line":107,"column":5}}},"2":{"name":"(anonymous_4)","decl":{"start":{"line":103,"column":15},"end":{"line":103,"column":null}},"loc":{"start":{"line":103,"column":15},"end":{"line":106,"column":7}}},"3":{"name":"(anonymous_5)","decl":{"start":{"line":109,"column":31},"end":{"line":109,"column":null}},"loc":{"start":{"line":109,"column":31},"end":{"line":111,"column":null}}},"4":{"name":"(anonymous_6)","decl":{"start":{"line":123,"column":31},"end":{"line":123,"column":32}},"loc":{"start":{"line":124,"column":18},"end":{"line":124,"column":31}}},"5":{"name":"(anonymous_7)","decl":{"start":{"line":248,"column":18},"end":{"line":248,"column":19}},"loc":{"start":{"line":248,"column":19},"end":{"line":264,"column":null}}},"6":{"name":"(anonymous_8)","decl":{"start":{"line":253,"column":27},"end":{"line":253,"column":33}},"loc":{"start":{"line":253,"column":33},"end":{"line":253,"column":null}}},"7":{"name":"(anonymous_9)","decl":{"start":{"line":291,"column":33},"end":{"line":291,"column":39}},"loc":{"start":{"line":291,"column":39},"end":{"line":291,"column":null}}},"8":{"name":"(anonymous_10)","decl":{"start":{"line":320,"column":53},"end":{"line":320,"column":59}},"loc":{"start":{"line":320,"column":59},"end":{"line":320,"column":null}}},"9":{"name":"(anonymous_11)","decl":{"start":{"line":329,"column":59},"end":{"line":329,"column":60}},"loc":{"start":{"line":330,"column":22},"end":{"line":330,"column":54}}},"10":{"name":"(anonymous_12)","decl":{"start":{"line":362,"column":45},"end":{"line":362,"column":46}},"loc":{"start":{"line":363,"column":20},"end":{"line":363,"column":52}}}},"branchMap":{"0":{"loc":{"start":{"line":113,"column":2},"end":{"line":136,"column":null}},"type":"if","locations":[{"start":{"line":113,"column":2},"end":{"line":136,"column":null}}]},"1":{"loc":{"start":{"line":138,"column":2},"end":{"line":150,"column":null}},"type":"if","locations":[{"start":{"line":138,"column":2},"end":{"line":150,"column":null}}]},"2":{"loc":{"start":{"line":152,"column":24},"end":{"line":152,"column":86}},"type":"binary-expr","locations":[{"start":{"line":152,"column":24},"end":{"line":152,"column":56}},{"start":{"line":152,"column":60},"end":{"line":152,"column":86}}]},"3":{"loc":{"start":{"line":183,"column":15},"end":{"line":183,"column":37}},"type":"binary-expr","locations":[{"start":{"line":183,"column":15},"end":{"line":183,"column":37}}]},"4":{"loc":{"start":{"line":194,"column":17},"end":{"line":194,"column":39}},"type":"binary-expr","locations":[{"start":{"line":194,"column":17},"end":{"line":194,"column":39}}]},"5":{"loc":{"start":{"line":223,"column":50},"end":{"line":223,"column":83}},"type":"cond-expr","locations":[{"start":{"line":223,"column":63},"end":{"line":223,"column":80}},{"start":{"line":223,"column":80},"end":{"line":223,"column":83}}]},"6":{"loc":{"start":{"line":224,"column":17},"end":{"line":224,"column":null}},"type":"cond-expr","locations":[{"start":{"line":224,"column":30},"end":{"line":224,"column":40}},{"start":{"line":224,"column":40},"end":{"line":224,"column":null}}]},"7":{"loc":{"start":{"line":255,"column":20},"end":{"line":257,"column":null}},"type":"cond-expr","locations":[{"start":{"line":256,"column":24},"end":{"line":256,"column":null}},{"start":{"line":257,"column":24},"end":{"line":257,"column":null}}]},"8":{"loc":{"start":{"line":275,"column":13},"end":{"line":275,"column":null}},"type":"binary-expr","locations":[{"start":{"line":275,"column":13},"end":{"line":275,"column":null}}]},"9":{"loc":{"start":{"line":285,"column":67},"end":{"line":285,"column":110}},"type":"cond-expr","locations":[{"start":{"line":285,"column":90},"end":{"line":285,"column":107}},{"start":{"line":285,"column":107},"end":{"line":285,"column":110}}]},"10":{"loc":{"start":{"line":289,"column":21},"end":{"line":289,"column":null}},"type":"binary-expr","locations":[{"start":{"line":289,"column":21},"end":{"line":289,"column":null}}]},"11":{"loc":{"start":{"line":295,"column":26},"end":{"line":299,"column":28}},"type":"cond-expr","locations":[{"start":{"line":295,"column":26},"end":{"line":299,"column":28}}]},"12":{"loc":{"start":{"line":348,"column":13},"end":{"line":348,"column":null}},"type":"binary-expr","locations":[{"start":{"line":348,"column":13},"end":{"line":348,"column":null}}]},"13":{"loc":{"start":{"line":367,"column":17},"end":{"line":367,"column":null}},"type":"binary-expr","locations":[{"start":{"line":367,"column":17},"end":{"line":367,"column":null}}]},"14":{"loc":{"start":{"line":382,"column":13},"end":{"line":382,"column":null}},"type":"binary-expr","locations":[{"start":{"line":382,"column":13},"end":{"line":382,"column":null}}]},"15":{"loc":{"start":{"line":400,"column":13},"end":{"line":400,"column":null}},"type":"binary-expr","locations":[{"start":{"line":400,"column":13},"end":{"line":400,"column":null}}]}},"s":{"0":0,"1":0,"2":0,"3":0,"4":0,"5":0,"6":0,"7":0,"8":0,"9":0,"10":0,"11":0,"12":0,"13":0,"14":0,"15":0,"16":0,"17":0,"18":0,"19":0,"20":0,"21":0,"22":0,"23":0,"24":0,"25":0,"26":0,"27":0,"28":0,"29":0,"30":0,"31":0,"32":0,"33":0,"34":0,"35":0,"36":0,"37":0,"38":0,"39":0,"40":0},"f":{"0":0,"1":0,"2":0,"3":0,"4":0,"5":0,"6":0,"7":0,"8":0,"9":0,"10":0},"b":{"0":[0],"1":[0],"2":[0,0],"3":[0],"4":[0],"5":[0,0],"6":[0,0],"7":[0,0],"8":[0],"9":[0,0],"10":[0],"11":[0],"12":[0],"13":[0],"14":[0],"15":[0]}}
,"D:\\Sites\\cc\\frontend-hub\\src\\app\\campaigns\\[id]\\page.tsx": {"path":"D:\\Sites\\cc\\frontend-hub\\src\\app\\campaigns\\[id]\\page.tsx","statementMap":{"0":{"start":{"line":118,"column":24},"end":{"line":118,"column":null}},"1":{"start":{"line":3,"column":36},"end":{"line":3,"column":null}},"2":{"start":{"line":4,"column":26},"end":{"line":4,"column":null}},"3":{"start":{"line":5,"column":23},"end":{"line":5,"column":null}},"4":{"start":{"line":16,"column":7},"end":{"line":16,"column":null}},"5":{"start":{"line":17,"column":17},"end":{"line":17,"column":null}},"6":{"start":{"line":18,"column":18},"end":{"line":18,"column":null}},"7":{"start":{"line":20,"column":23},"end":{"line":20,"column":null}},"8":{"start":{"line":21,"column":22},"end":{"line":21,"column":null}},"9":{"start":{"line":22,"column":21},"end":{"line":22,"column":null}},"10":{"start":{"line":23,"column":25},"end":{"line":23,"column":null}},"11":{"start":{"line":46,"column":4},"end":{"line":116,"column":null}},"12":{"start":{"line":119,"column":17},"end":{"line":119,"column":null}},"13":{"start":{"line":120,"column":34},"end":{"line":120,"column":null}},"14":{"start":{"line":121,"column":36},"end":{"line":121,"column":null}},"15":{"start":{"line":122,"column":38},"end":{"line":122,"column":null}},"16":{"start":{"line":123,"column":46},"end":{"line":123,"column":null}},"17":{"start":{"line":124,"column":42},"end":{"line":124,"column":null}},"18":{"start":{"line":125,"column":40},"end":{"line":125,"column":null}},"19":{"start":{"line":127,"column":2},"end":{"line":133,"column":null}},"20":{"start":{"line":129,"column":4},"end":{"line":132,"column":null}},"21":{"start":{"line":130,"column":6},"end":{"line":130,"column":null}},"22":{"start":{"line":131,"column":6},"end":{"line":131,"column":null}},"23":{"start":{"line":135,"column":31},"end":{"line":137,"column":null}},"24":{"start":{"line":136,"column":4},"end":{"line":136,"column":null}},"25":{"start":{"line":139,"column":22},"end":{"line":153,"column":null}},"26":{"start":{"line":140,"column":4},"end":{"line":152,"column":null}},"27":{"start":{"line":141,"column":6},"end":{"line":149,"column":null}},"28":{"start":{"line":142,"column":8},"end":{"line":146,"column":null}},"29":{"start":{"line":148,"column":8},"end":{"line":148,"column":null}},"30":{"start":{"line":151,"column":6},"end":{"line":151,"column":null}},"31":{"start":{"line":155,"column":23},"end":{"line":158,"column":null}},"32":{"start":{"line":157,"column":4},"end":{"line":157,"column":null}},"33":{"start":{"line":160,"column":2},"end":{"line":175,"column":null}},"34":{"start":{"line":177,"column":2},"end":{"line":188,"column":null}},"35":{"start":{"line":190,"column":29},"end":{"line":190,"column":null}},"36":{"start":{"line":191,"column":27},"end":{"line":191,"column":null}},"37":{"start":{"line":193,"column":15},"end":{"line":197,"column":null}},"38":{"start":{"line":312,"column":31},"end":{"line":312,"column":39}},"39":{"start":{"line":313,"column":18},"end":{"line":315,"column":null}},"40":{"start":{"line":316,"column":37},"end":{"line":316,"column":null}},"41":{"start":{"line":364,"column":26},"end":{"line":364,"column":47}},"42":{"start":{"line":385,"column":26},"end":{"line":385,"column":49}},"43":{"start":{"line":419,"column":18},"end":{"line":420,"column":null}},"44":{"start":{"line":424,"column":22},"end":{"line":424,"column":null}},"45":{"start":{"line":425,"column":22},"end":{"line":425,"column":null}},"46":{"start":{"line":440,"column":20},"end":{"line":440,"column":null}},"47":{"start":{"line":441,"column":20},"end":{"line":441,"column":null}},"48":{"start":{"line":452,"column":33},"end":{"line":452,"column":null}},"49":{"start":{"line":453,"column":18},"end":{"line":453,"column":null}},"50":{"start":{"line":453,"column":30},"end":{"line":453,"column":null}}},"fnMap":{"0":{"name":"CampaignDetailPage","decl":{"start":{"line":118,"column":24},"end":{"line":118,"column":null}},"loc":{"start":{"line":118,"column":24},"end":{"line":508,"column":null}}},"1":{"name":"(anonymous_3)","decl":{"start":{"line":127,"column":12},"end":{"line":127,"column":null}},"loc":{"start":{"line":127,"column":12},"end":{"line":133,"column":5}}},"2":{"name":"(anonymous_4)","decl":{"start":{"line":129,"column":15},"end":{"line":129,"column":null}},"loc":{"start":{"line":129,"column":15},"end":{"line":132,"column":7}}},"3":{"name":"(anonymous_5)","decl":{"start":{"line":135,"column":31},"end":{"line":135,"column":null}},"loc":{"start":{"line":135,"column":31},"end":{"line":137,"column":null}}},"4":{"name":"(anonymous_6)","decl":{"start":{"line":139,"column":22},"end":{"line":139,"column":null}},"loc":{"start":{"line":139,"column":22},"end":{"line":153,"column":null}}},"5":{"name":"(anonymous_7)","decl":{"start":{"line":155,"column":23},"end":{"line":155,"column":24}},"loc":{"start":{"line":155,"column":24},"end":{"line":158,"column":null}}},"6":{"name":"(anonymous_8)","decl":{"start":{"line":311,"column":26},"end":{"line":311,"column":27}},"loc":{"start":{"line":311,"column":27},"end":{"line":327,"column":null}}},"7":{"name":"(anonymous_9)","decl":{"start":{"line":316,"column":31},"end":{"line":316,"column":37}},"loc":{"start":{"line":316,"column":37},"end":{"line":316,"column":null}}},"8":{"name":"(anonymous_10)","decl":{"start":{"line":363,"column":46},"end":{"line":363,"column":47}},"loc":{"start":{"line":364,"column":26},"end":{"line":364,"column":47}}},"9":{"name":"(anonymous_11)","decl":{"start":{"line":384,"column":54},"end":{"line":384,"column":55}},"loc":{"start":{"line":385,"column":26},"end":{"line":385,"column":49}}},"10":{"name":"(anonymous_12)","decl":{"start":{"line":418,"column":38},"end":{"line":418,"column":39}},"loc":{"start":{"line":419,"column":18},"end":{"line":420,"column":null}}},"11":{"name":"(anonymous_13)","decl":{"start":{"line":423,"column":29},"end":{"line":423,"column":null}},"loc":{"start":{"line":423,"column":29},"end":{"line":426,"column":null}}},"12":{"name":"(anonymous_14)","decl":{"start":{"line":439,"column":28},"end":{"line":439,"column":29}},"loc":{"start":{"line":439,"column":29},"end":{"line":442,"column":null}}},"13":{"name":"(anonymous_15)","decl":{"start":{"line":451,"column":25},"end":{"line":451,"column":null}},"loc":{"start":{"line":451,"column":25},"end":{"line":454,"column":null}}}},"branchMap":{"0":{"loc":{"start":{"line":140,"column":4},"end":{"line":152,"column":null}},"type":"if","locations":[{"start":{"line":140,"column":4},"end":{"line":152,"column":null}},{"start":{"line":150,"column":11},"end":{"line":152,"column":null}}]},"1":{"loc":{"start":{"line":160,"column":2},"end":{"line":175,"column":null}},"type":"if","locations":[{"start":{"line":160,"column":2},"end":{"line":175,"column":null}}]},"2":{"loc":{"start":{"line":177,"column":2},"end":{"line":188,"column":null}},"type":"if","locations":[{"start":{"line":177,"column":2},"end":{"line":188,"column":null}}]},"3":{"loc":{"start":{"line":218,"column":45},"end":{"line":218,"column":91}},"type":"cond-expr","locations":[{"start":{"line":218,"column":58},"end":{"line":218,"column":88}},{"start":{"line":218,"column":88},"end":{"line":218,"column":91}}]},"4":{"loc":{"start":{"line":248,"column":21},"end":{"line":248,"column":87}},"type":"cond-expr","locations":[{"start":{"line":248,"column":52},"end":{"line":248,"column":72}},{"start":{"line":248,"column":72},"end":{"line":248,"column":87}}]},"5":{"loc":{"start":{"line":266,"column":23},"end":{"line":266,"column":54}},"type":"binary-expr","locations":[{"start":{"line":266,"column":23},"end":{"line":266,"column":54}}]},"6":{"loc":{"start":{"line":318,"column":24},"end":{"line":320,"column":null}},"type":"cond-expr","locations":[{"start":{"line":319,"column":28},"end":{"line":319,"column":null}},{"start":{"line":320,"column":28},"end":{"line":320,"column":null}}]},"7":{"loc":{"start":{"line":337,"column":19},"end":{"line":337,"column":null}},"type":"binary-expr","locations":[{"start":{"line":337,"column":19},"end":{"line":337,"column":null}}]},"8":{"loc":{"start":{"line":358,"column":19},"end":{"line":358,"column":null}},"type":"binary-expr","locations":[{"start":{"line":358,"column":19},"end":{"line":358,"column":null}}]},"9":{"loc":{"start":{"line":379,"column":19},"end":{"line":379,"column":null}},"type":"binary-expr","locations":[{"start":{"line":379,"column":19},"end":{"line":379,"column":null}}]},"10":{"loc":{"start":{"line":394,"column":31},"end":{"line":394,"column":47}},"type":"binary-expr","locations":[{"start":{"line":394,"column":31},"end":{"line":394,"column":47}}]},"11":{"loc":{"start":{"line":421,"column":29},"end":{"line":421,"column":null}},"type":"cond-expr","locations":[{"start":{"line":421,"column":57},"end":{"line":421,"column":69}},{"start":{"line":421,"column":69},"end":{"line":421,"column":null}}]},"12":{"loc":{"start":{"line":452,"column":33},"end":{"line":452,"column":null}},"type":"binary-expr","locations":[{"start":{"line":452,"column":33},"end":{"line":452,"column":51}},{"start":{"line":452,"column":51},"end":{"line":452,"column":null}}]},"13":{"loc":{"start":{"line":453,"column":18},"end":{"line":453,"column":null}},"type":"if","locations":[{"start":{"line":453,"column":18},"end":{"line":453,"column":null}}]},"14":{"loc":{"start":{"line":455,"column":26},"end":{"line":455,"column":null}},"type":"binary-expr","locations":[{"start":{"line":455,"column":26},"end":{"line":455,"column":45}},{"start":{"line":455,"column":45},"end":{"line":455,"column":null}}]},"15":{"loc":{"start":{"line":477,"column":23},"end":{"line":477,"column":54}},"type":"binary-expr","locations":[{"start":{"line":477,"column":23},"end":{"line":477,"column":54}}]}},"s":{"0":0,"1":0,"2":0,"3":0,"4":0,"5":0,"6":0,"7":0,"8":0,"9":0,"10":0,"11":0,"12":0,"13":0,"14":0,"15":0,"16":0,"17":0,"18":0,"19":0,"20":0,"21":0,"22":0,"23":0,"24":0,"25":0,"26":0,"27":0,"28":0,"29":0,"30":0,"31":0,"32":0,"33":0,"34":0,"35":0,"36":0,"37":0,"38":0,"39":0,"40":0,"41":0,"42":0,"43":0,"44":0,"45":0,"46":0,"47":0,"48":0,"49":0,"50":0},"f":{"0":0,"1":0,"2":0,"3":0,"4":0,"5":0,"6":0,"7":0,"8":0,"9":0,"10":0,"11":0,"12":0,"13":0},"b":{"0":[0,0],"1":[0],"2":[0],"3":[0,0],"4":[0,0],"5":[0],"6":[0,0],"7":[0],"8":[0],"9":[0],"10":[0],"11":[0,0],"12":[0,0],"13":[0],"14":[0,0],"15":[0]}}
,"D:\\Sites\\cc\\frontend-hub\\src\\app\\search\\page.tsx": {"path":"D:\\Sites\\cc\\frontend-hub\\src\\app\\search\\page.tsx","statementMap":{"0":{"start":{"line":477,"column":24},"end":{"line":477,"column":null}},"1":{"start":{"line":3,"column":46},"end":{"line":3,"column":null}},"2":{"start":{"line":4,"column":32},"end":{"line":4,"column":null}},"3":{"start":{"line":5,"column":23},"end":{"line":5,"column":null}},"4":{"start":{"line":18,"column":7},"end":{"line":18,"column":null}},"5":{"start":{"line":20,"column":23},"end":{"line":20,"column":null}},"6":{"start":{"line":21,"column":22},"end":{"line":21,"column":null}},"7":{"start":{"line":22,"column":21},"end":{"line":22,"column":null}},"8":{"start":{"line":23,"column":28},"end":{"line":23,"column":null}},"9":{"start":{"line":24,"column":26},"end":{"line":24,"column":null}},"10":{"start":{"line":26,"column":32},"end":{"line":26,"column":null}},"11":{"start":{"line":27,"column":29},"end":{"line":27,"column":null}},"12":{"start":{"line":29,"column":28},"end":{"line":29,"column":null}},"13":{"start":{"line":32,"column":40},"end":{"line":63,"column":null}},"14":{"start":{"line":65,"column":34},"end":{"line":98,"column":null}},"15":{"start":{"line":108,"column":23},"end":{"line":108,"column":null}},"16":{"start":{"line":109,"column":43},"end":{"line":119,"column":null}},"17":{"start":{"line":121,"column":32},"end":{"line":129,"column":null}},"18":{"start":{"line":131,"column":36},"end":{"line":131,"column":null}},"19":{"start":{"line":132,"column":40},"end":{"line":132,"column":null}},"20":{"start":{"line":135,"column":2},"end":{"line":145,"column":null}},"21":{"start":{"line":136,"column":18},"end":{"line":136,"column":null}},"22":{"start":{"line":137,"column":17},"end":{"line":137,"column":null}},"23":{"start":{"line":139,"column":4},"end":{"line":144,"column":null}},"24":{"start":{"line":140,"column":6},"end":{"line":143,"column":null}},"25":{"start":{"line":148,"column":24},"end":{"line":202,"column":null}},"26":{"start":{"line":149,"column":4},"end":{"line":149,"column":null}},"27":{"start":{"line":152,"column":4},"end":{"line":201,"column":null}},"28":{"start":{"line":153,"column":33},"end":{"line":153,"column":null}},"29":{"start":{"line":154,"column":30},"end":{"line":154,"column":null}},"30":{"start":{"line":157,"column":6},"end":{"line":167,"column":null}},"31":{"start":{"line":158,"column":8},"end":{"line":161,"column":null}},"32":{"start":{"line":159,"column":10},"end":{"line":161,"column":null}},"33":{"start":{"line":163,"column":8},"end":{"line":165,"column":null}},"34":{"start":{"line":164,"column":10},"end":{"line":165,"column":null}},"35":{"start":{"line":170,"column":6},"end":{"line":174,"column":null}},"36":{"start":{"line":171,"column":8},"end":{"line":171,"column":null}},"37":{"start":{"line":172,"column":13},"end":{"line":174,"column":null}},"38":{"start":{"line":173,"column":8},"end":{"line":173,"column":null}},"39":{"start":{"line":177,"column":6},"end":{"line":181,"column":null}},"40":{"start":{"line":178,"column":8},"end":{"line":179,"column":null}},"41":{"start":{"line":179,"column":10},"end":{"line":179,"column":53}},"42":{"start":{"line":184,"column":6},"end":{"line":188,"column":null}},"43":{"start":{"line":185,"column":8},"end":{"line":186,"column":null}},"44":{"start":{"line":186,"column":10},"end":{"line":186,"column":null}},"45":{"start":{"line":191,"column":6},"end":{"line":193,"column":null}},"46":{"start":{"line":192,"column":8},"end":{"line":192,"column":null}},"47":{"start":{"line":192,"column":64},"end":{"line":192,"column":76}},"48":{"start":{"line":195,"column":6},"end":{"line":199,"column":null}},"49":{"start":{"line":200,"column":6},"end":{"line":200,"column":null}},"50":{"start":{"line":204,"column":2},"end":{"line":206,"column":null}},"51":{"start":{"line":205,"column":4},"end":{"line":205,"column":null}},"52":{"start":{"line":208,"column":23},"end":{"line":210,"column":null}},"53":{"start":{"line":209,"column":4},"end":{"line":209,"column":null}},"54":{"start":{"line":212,"column":29},"end":{"line":214,"column":null}},"55":{"start":{"line":213,"column":4},"end":{"line":213,"column":null}},"56":{"start":{"line":216,"column":26},"end":{"line":218,"column":null}},"57":{"start":{"line":220,"column":22},"end":{"line":225,"column":null}},"58":{"start":{"line":257,"column":33},"end":{"line":257,"column":null}},"59":{"start":{"line":274,"column":22},"end":{"line":274,"column":48}},"60":{"start":{"line":280,"column":43},"end":{"line":280,"column":null}},"61":{"start":{"line":294,"column":37},"end":{"line":294,"column":null}},"62":{"start":{"line":313,"column":37},"end":{"line":313,"column":null}},"63":{"start":{"line":325,"column":39},"end":{"line":327,"column":null}},"64":{"start":{"line":369,"column":35},"end":{"line":369,"column":null}},"65":{"start":{"line":373,"column":20},"end":{"line":373,"column":47}},"66":{"start":{"line":384,"column":35},"end":{"line":384,"column":null}},"67":{"start":{"line":392,"column":35},"end":{"line":392,"column":null}},"68":{"start":{"line":415,"column":18},"end":{"line":415,"column":32}},"69":{"start":{"line":438,"column":33},"end":{"line":438,"column":null}},"70":{"start":{"line":447,"column":18},"end":{"line":448,"column":null}},"71":{"start":{"line":459,"column":18},"end":{"line":460,"column":null}}},"fnMap":{"0":{"name":"SearchPageContent","decl":{"start":{"line":107,"column":9},"end":{"line":107,"column":null}},"loc":{"start":{"line":107,"column":9},"end":{"line":475,"column":null}}},"1":{"name":"(anonymous_2)","decl":{"start":{"line":135,"column":12},"end":{"line":135,"column":null}},"loc":{"start":{"line":135,"column":12},"end":{"line":145,"column":5}}},"2":{"name":"(anonymous_3)","decl":{"start":{"line":148,"column":24},"end":{"line":148,"column":null}},"loc":{"start":{"line":148,"column":24},"end":{"line":202,"column":null}}},"3":{"name":"(anonymous_4)","decl":{"start":{"line":152,"column":15},"end":{"line":152,"column":null}},"loc":{"start":{"line":152,"column":15},"end":{"line":201,"column":7}}},"4":{"name":"(anonymous_5)","decl":{"start":{"line":158,"column":55},"end":{"line":158,"column":null}},"loc":{"start":{"line":159,"column":10},"end":{"line":161,"column":null}}},"5":{"name":"(anonymous_6)","decl":{"start":{"line":163,"column":49},"end":{"line":163,"column":null}},"loc":{"start":{"line":164,"column":10},"end":{"line":165,"column":null}}},"6":{"name":"(anonymous_7)","decl":{"start":{"line":178,"column":59},"end":{"line":178,"column":null}},"loc":{"start":{"line":179,"column":10},"end":{"line":179,"column":53}}},"7":{"name":"(anonymous_8)","decl":{"start":{"line":185,"column":59},"end":{"line":185,"column":null}},"loc":{"start":{"line":186,"column":10},"end":{"line":186,"column":null}}},"8":{"name":"(anonymous_9)","decl":{"start":{"line":192,"column":59},"end":{"line":192,"column":64}},"loc":{"start":{"line":192,"column":64},"end":{"line":192,"column":76}}},"9":{"name":"(anonymous_10)","decl":{"start":{"line":204,"column":12},"end":{"line":204,"column":null}},"loc":{"start":{"line":204,"column":12},"end":{"line":206,"column":5}}},"10":{"name":"(anonymous_11)","decl":{"start":{"line":208,"column":23},"end":{"line":208,"column":24}},"loc":{"start":{"line":208,"column":24},"end":{"line":210,"column":null}}},"11":{"name":"(anonymous_12)","decl":{"start":{"line":212,"column":29},"end":{"line":212,"column":30}},"loc":{"start":{"line":212,"column":30},"end":{"line":214,"column":null}}},"12":{"name":"(anonymous_13)","decl":{"start":{"line":257,"column":27},"end":{"line":257,"column":33}},"loc":{"start":{"line":257,"column":33},"end":{"line":257,"column":null}}},"13":{"name":"(anonymous_14)","decl":{"start":{"line":273,"column":26},"end":{"line":273,"column":27}},"loc":{"start":{"line":274,"column":22},"end":{"line":274,"column":48}}},"14":{"name":"(anonymous_15)","decl":{"start":{"line":280,"column":36},"end":{"line":280,"column":37}},"loc":{"start":{"line":280,"column":43},"end":{"line":280,"column":null}}},"15":{"name":"(anonymous_16)","decl":{"start":{"line":294,"column":30},"end":{"line":294,"column":31}},"loc":{"start":{"line":294,"column":37},"end":{"line":294,"column":null}}},"16":{"name":"(anonymous_17)","decl":{"start":{"line":313,"column":30},"end":{"line":313,"column":31}},"loc":{"start":{"line":313,"column":37},"end":{"line":313,"column":null}}},"17":{"name":"(anonymous_18)","decl":{"start":{"line":325,"column":32},"end":{"line":325,"column":33}},"loc":{"start":{"line":325,"column":39},"end":{"line":327,"column":null}}},"18":{"name":"(anonymous_19)","decl":{"start":{"line":369,"column":28},"end":{"line":369,"column":29}},"loc":{"start":{"line":369,"column":35},"end":{"line":369,"column":null}}},"19":{"name":"(anonymous_20)","decl":{"start":{"line":372,"column":35},"end":{"line":372,"column":36}},"loc":{"start":{"line":373,"column":20},"end":{"line":373,"column":47}}},"20":{"name":"(anonymous_21)","decl":{"start":{"line":384,"column":29},"end":{"line":384,"column":35}},"loc":{"start":{"line":384,"column":35},"end":{"line":384,"column":null}}},"21":{"name":"(anonymous_22)","decl":{"start":{"line":392,"column":29},"end":{"line":392,"column":35}},"loc":{"start":{"line":392,"column":35},"end":{"line":392,"column":null}}},"22":{"name":"(anonymous_23)","decl":{"start":{"line":414,"column":31},"end":{"line":414,"column":32}},"loc":{"start":{"line":415,"column":18},"end":{"line":415,"column":32}}},"23":{"name":"(anonymous_24)","decl":{"start":{"line":438,"column":27},"end":{"line":438,"column":33}},"loc":{"start":{"line":438,"column":33},"end":{"line":438,"column":null}}},"24":{"name":"(anonymous_25)","decl":{"start":{"line":446,"column":42},"end":{"line":446,"column":43}},"loc":{"start":{"line":447,"column":18},"end":{"line":448,"column":null}}},"25":{"name":"(anonymous_26)","decl":{"start":{"line":458,"column":39},"end":{"line":458,"column":40}},"loc":{"start":{"line":459,"column":18},"end":{"line":460,"column":null}}},"26":{"name":"SearchPage","decl":{"start":{"line":477,"column":24},"end":{"line":477,"column":null}},"loc":{"start":{"line":477,"column":24},"end":{"line":483,"column":null}}}},"branchMap":{"0":{"loc":{"start":{"line":136,"column":18},"end":{"line":136,"column":null}},"type":"binary-expr","locations":[{"start":{"line":136,"column":18},"end":{"line":136,"column":44}},{"start":{"line":136,"column":44},"end":{"line":136,"column":null}}]},"1":{"loc":{"start":{"line":137,"column":17},"end":{"line":137,"column":null}},"type":"binary-expr","locations":[{"start":{"line":137,"column":17},"end":{"line":137,"column":86}},{"start":{"line":137,"column":86},"end":{"line":137,"column":null}}]},"2":{"loc":{"start":{"line":139,"column":4},"end":{"line":144,"column":null}},"type":"if","locations":[{"start":{"line":139,"column":4},"end":{"line":144,"column":null}}]},"3":{"loc":{"start":{"line":139,"column":8},"end":{"line":139,"column":33}},"type":"binary-expr","locations":[{"start":{"line":139,"column":8},"end":{"line":139,"column":17}},{"start":{"line":139,"column":17},"end":{"line":139,"column":33}}]},"4":{"loc":{"start":{"line":157,"column":6},"end":{"line":167,"column":null}},"type":"if","locations":[{"start":{"line":157,"column":6},"end":{"line":167,"column":null}}]},"5":{"loc":{"start":{"line":159,"column":10},"end":{"line":161,"column":null}},"type":"binary-expr","locations":[{"start":{"line":159,"column":10},"end":{"line":159,"column":null}},{"start":{"line":160,"column":10},"end":{"line":160,"column":null}},{"start":{"line":161,"column":10},"end":{"line":161,"column":null}}]},"6":{"loc":{"start":{"line":164,"column":10},"end":{"line":165,"column":null}},"type":"binary-expr","locations":[{"start":{"line":164,"column":10},"end":{"line":164,"column":null}},{"start":{"line":165,"column":10},"end":{"line":165,"column":null}}]},"7":{"loc":{"start":{"line":170,"column":6},"end":{"line":174,"column":null}},"type":"if","locations":[{"start":{"line":170,"column":6},"end":{"line":174,"column":null}},{"start":{"line":172,"column":13},"end":{"line":174,"column":null}}]},"8":{"loc":{"start":{"line":172,"column":13},"end":{"line":174,"column":null}},"type":"if","locations":[{"start":{"line":172,"column":13},"end":{"line":174,"column":null}}]},"9":{"loc":{"start":{"line":177,"column":6},"end":{"line":181,"column":null}},"type":"if","locations":[{"start":{"line":177,"column":6},"end":{"line":181,"column":null}}]},"10":{"loc":{"start":{"line":184,"column":6},"end":{"line":188,"column":null}},"type":"if","locations":[{"start":{"line":184,"column":6},"end":{"line":188,"column":null}}]},"11":{"loc":{"start":{"line":191,"column":6},"end":{"line":193,"column":null}},"type":"if","locations":[{"start":{"line":191,"column":6},"end":{"line":193,"column":null}}]},"12":{"loc":{"start":{"line":264,"column":43},"end":{"line":264,"column":85}},"type":"cond-expr","locations":[{"start":{"line":264,"column":57},"end":{"line":264,"column":67}},{"start":{"line":264,"column":67},"end":{"line":264,"column":85}}]},"13":{"loc":{"start":{"line":293,"column":27},"end":{"line":293,"column":null}},"type":"binary-expr","locations":[{"start":{"line":293,"column":27},"end":{"line":293,"column":55}},{"start":{"line":293,"column":59},"end":{"line":293,"column":null}}]},"14":{"loc":{"start":{"line":294,"column":68},"end":{"line":294,"column":96}},"type":"binary-expr","locations":[{"start":{"line":294,"column":68},"end":{"line":294,"column":82}},{"start":{"line":294,"column":86},"end":{"line":294,"column":96}}]},"15":{"loc":{"start":{"line":312,"column":27},"end":{"line":312,"column":null}},"type":"binary-expr","locations":[{"start":{"line":312,"column":27},"end":{"line":312,"column":55}},{"start":{"line":312,"column":59},"end":{"line":312,"column":null}}]},"16":{"loc":{"start":{"line":313,"column":68},"end":{"line":313,"column":96}},"type":"binary-expr","locations":[{"start":{"line":313,"column":68},"end":{"line":313,"column":82}},{"start":{"line":313,"column":86},"end":{"line":313,"column":96}}]},"17":{"loc":{"start":{"line":326,"column":38},"end":{"line":326,"column":null}},"type":"cond-expr","locations":[{"start":{"line":326,"column":57},"end":{"line":326,"column":70}},{"start":{"line":326,"column":70},"end":{"line":326,"column":null}}]},"18":{"loc":{"start":{"line":344,"column":20},"end":{"line":346,"column":21}},"type":"cond-expr","locations":[{"start":{"line":344,"column":20},"end":{"line":346,"column":21}}]},"19":{"loc":{"start":{"line":347,"column":47},"end":{"line":347,"column":null}},"type":"cond-expr","locations":[{"start":{"line":347,"column":67},"end":{"line":347,"column":73}},{"start":{"line":347,"column":73},"end":{"line":347,"column":null}}]},"20":{"loc":{"start":{"line":348,"column":23},"end":{"line":348,"column":74}},"type":"binary-expr","locations":[{"start":{"line":348,"column":23},"end":{"line":348,"column":40}},{"start":{"line":348,"column":44},"end":{"line":348,"column":74}}]},"21":{"loc":{"start":{"line":353,"column":17},"end":{"line":353,"column":null}},"type":"binary-expr","locations":[{"start":{"line":353,"column":17},"end":{"line":353,"column":null}}]},"22":{"loc":{"start":{"line":382,"column":29},"end":{"line":382,"column":null}},"type":"cond-expr","locations":[{"start":{"line":382,"column":59},"end":{"line":382,"column":71}},{"start":{"line":382,"column":71},"end":{"line":382,"column":null}}]},"23":{"loc":{"start":{"line":390,"column":29},"end":{"line":390,"column":null}},"type":"cond-expr","locations":[{"start":{"line":390,"column":59},"end":{"line":390,"column":71}},{"start":{"line":390,"column":71},"end":{"line":390,"column":null}}]},"24":{"loc":{"start":{"line":413,"column":14},"end":{"line":427,"column":24}},"type":"cond-expr","locations":[{"start":{"line":413,"column":14},"end":{"line":427,"column":24}}]},"25":{"loc":{"start":{"line":428,"column":14},"end":{"line":444,"column":15}},"type":"cond-expr","locations":[{"start":{"line":428,"column":14},"end":{"line":444,"column":15}}]},"26":{"loc":{"start":{"line":444,"column":43},"end":{"line":444,"column":118}},"type":"cond-expr","locations":[{"start":{"line":444,"column":73},"end":{"line":444,"column":115}},{"start":{"line":444,"column":115},"end":{"line":444,"column":118}}]}},"s":{"0":0,"1":0,"2":0,"3":0,"4":0,"5":0,"6":0,"7":0,"8":0,"9":0,"10":0,"11":0,"12":0,"13":0,"14":0,"15":0,"16":0,"17":0,"18":0,"19":0,"20":0,"21":0,"22":0,"23":0,"24":0,"25":0,"26":0,"27":0,"28":0,"29":0,"30":0,"31":0,"32":0,"33":0,"34":0,"35":0,"36":0,"37":0,"38":0,"39":0,"40":0,"41":0,"42":0,"43":0,"44":0,"45":0,"46":0,"47":0,"48":0,"49":0,"50":0,"51":0,"52":0,"53":0,"54":0,"55":0,"56":0,"57":0,"58":0,"59":0,"60":0,"61":0,"62":0,"63":0,"64":0,"65":0,"66":0,"67":0,"68":0,"69":0,"70":0,"71":0},"f":{"0":0,"1":0,"2":0,"3":0,"4":0,"5":0,"6":0,"7":0,"8":0,"9":0,"10":0,"11":0,"12":0,"13":0,"14":0,"15":0,"16":0,"17":0,"18":0,"19":0,"20":0,"21":0,"22":0,"23":0,"24":0,"25":0,"26":0},"b":{"0":[0,0],"1":[0,0],"2":[0],"3":[0,0],"4":[0],"5":[0,0,0],"6":[0,0],"7":[0,0],"8":[0],"9":[0],"10":[0],"11":[0],"12":[0,0],"13":[0,0],"14":[0,0],"15":[0,0],"16":[0,0],"17":[0,0],"18":[0],"19":[0,0],"20":[0,0],"21":[0],"22":[0,0],"23":[0,0],"24":[0],"25":[0],"26":[0,0]}}
,"D:\\Sites\\cc\\frontend-hub\\src\\components\\hub\\association-card.tsx": {"path":"D:\\Sites\\cc\\frontend-hub\\src\\components\\hub\\association-card.tsx","statementMap":{"0":{"start":{"line":15,"column":16},"end":{"line":15,"column":32}},"1":{"start":{"line":1,"column":23},"end":{"line":1,"column":null}},"2":{"start":{"line":2,"column":58},"end":{"line":2,"column":null}},"3":{"start":{"line":3,"column":46},"end":{"line":3,"column":null}},"4":{"start":{"line":4,"column":22},"end":{"line":4,"column":null}},"5":{"start":{"line":5,"column":23},"end":{"line":5,"column":null}},"6":{"start":{"line":7,"column":29},"end":{"line":7,"column":null}},"7":{"start":{"line":16,"column":22},"end":{"line":18,"column":null}},"8":{"start":{"line":17,"column":4},"end":{"line":17,"column":null}},"9":{"start":{"line":109,"column":14},"end":{"line":109,"column":null}},"10":{"start":{"line":110,"column":14},"end":{"line":110,"column":null}}},"fnMap":{"0":{"name":"AssociationCard","decl":{"start":{"line":15,"column":16},"end":{"line":15,"column":32}},"loc":{"start":{"line":15,"column":89},"end":{"line":120,"column":null}}},"1":{"name":"(anonymous_2)","decl":{"start":{"line":16,"column":22},"end":{"line":16,"column":null}},"loc":{"start":{"line":16,"column":22},"end":{"line":18,"column":null}}},"2":{"name":"(anonymous_3)","decl":{"start":{"line":108,"column":21},"end":{"line":108,"column":22}},"loc":{"start":{"line":108,"column":22},"end":{"line":111,"column":null}}}},"branchMap":{"0":{"loc":{"start":{"line":15,"column":47},"end":{"line":15,"column":56}},"type":"default-arg","locations":[{"start":{"line":15,"column":55},"end":{"line":15,"column":56}}]},"1":{"loc":{"start":{"line":36,"column":12},"end":{"line":42,"column":13}},"type":"cond-expr","locations":[{"start":{"line":36,"column":12},"end":{"line":42,"column":13}}]},"2":{"loc":{"start":{"line":52,"column":13},"end":{"line":52,"column":35}},"type":"binary-expr","locations":[{"start":{"line":52,"column":13},"end":{"line":52,"column":35}}]},"3":{"loc":{"start":{"line":67,"column":17},"end":{"line":67,"column":39}},"type":"binary-expr","locations":[{"start":{"line":67,"column":17},"end":{"line":67,"column":39}}]},"4":{"loc":{"start":{"line":89,"column":27},"end":{"line":89,"column":70}},"type":"cond-expr","locations":[{"start":{"line":89,"column":61},"end":{"line":89,"column":67}},{"start":{"line":89,"column":67},"end":{"line":89,"column":70}}]},"5":{"loc":{"start":{"line":89,"column":78},"end":{"line":89,"column":null}},"type":"cond-expr","locations":[{"start":{"line":89,"column":112},"end":{"line":89,"column":118}},{"start":{"line":89,"column":118},"end":{"line":89,"column":null}}]}},"s":{"0":0,"1":0,"2":0,"3":0,"4":0,"5":0,"6":0,"7":0,"8":0,"9":0,"10":0},"f":{"0":0,"1":0,"2":0},"b":{"0":[0],"1":[0],"2":[0],"3":[0],"4":[0,0],"5":[0,0]}}
,"D:\\Sites\\cc\\frontend-hub\\src\\components\\hub\\campaign-card.tsx": {"path":"D:\\Sites\\cc\\frontend-hub\\src\\components\\hub\\campaign-card.tsx","statementMap":{"0":{"start":{"line":35,"column":16},"end":{"line":35,"column":29}},"1":{"start":{"line":1,"column":23},"end":{"line":1,"column":null}},"2":{"start":{"line":2,"column":52},"end":{"line":2,"column":null}},"3":{"start":{"line":3,"column":58},"end":{"line":3,"column":null}},"4":{"start":{"line":4,"column":22},"end":{"line":4,"column":null}},"5":{"start":{"line":5,"column":23},"end":{"line":5,"column":null}},"6":{"start":{"line":6,"column":25},"end":{"line":6,"column":null}},"7":{"start":{"line":8,"column":76},"end":{"line":8,"column":null}},"8":{"start":{"line":19,"column":21},"end":{"line":25,"column":null}},"9":{"start":{"line":27,"column":21},"end":{"line":33,"column":null}},"10":{"start":{"line":36,"column":17},"end":{"line":36,"column":null}},"11":{"start":{"line":37,"column":21},"end":{"line":37,"column":null}},"12":{"start":{"line":38,"column":19},"end":{"line":38,"column":null}},"13":{"start":{"line":39,"column":19},"end":{"line":39,"column":null}},"14":{"start":{"line":40,"column":18},"end":{"line":40,"column":null}},"15":{"start":{"line":41,"column":20},"end":{"line":41,"column":null}},"16":{"start":{"line":43,"column":22},"end":{"line":45,"column":null}},"17":{"start":{"line":44,"column":4},"end":{"line":44,"column":null}},"18":{"start":{"line":130,"column":16},"end":{"line":130,"column":null}},"19":{"start":{"line":131,"column":16},"end":{"line":131,"column":null}},"20":{"start":{"line":142,"column":16},"end":{"line":142,"column":null}},"21":{"start":{"line":143,"column":16},"end":{"line":143,"column":null}}},"fnMap":{"0":{"name":"CampaignCard","decl":{"start":{"line":35,"column":16},"end":{"line":35,"column":29}},"loc":{"start":{"line":35,"column":80},"end":{"line":154,"column":null}}},"1":{"name":"(anonymous_2)","decl":{"start":{"line":43,"column":22},"end":{"line":43,"column":null}},"loc":{"start":{"line":43,"column":22},"end":{"line":45,"column":null}}},"2":{"name":"(anonymous_3)","decl":{"start":{"line":129,"column":23},"end":{"line":129,"column":24}},"loc":{"start":{"line":129,"column":24},"end":{"line":132,"column":null}}},"3":{"name":"(anonymous_4)","decl":{"start":{"line":141,"column":23},"end":{"line":141,"column":24}},"loc":{"start":{"line":141,"column":24},"end":{"line":144,"column":null}}}},"branchMap":{"0":{"loc":{"start":{"line":35,"column":41},"end":{"line":35,"column":50}},"type":"default-arg","locations":[{"start":{"line":35,"column":49},"end":{"line":35,"column":50}}]},"1":{"loc":{"start":{"line":36,"column":17},"end":{"line":36,"column":null}},"type":"binary-expr","locations":[{"start":{"line":36,"column":17},"end":{"line":36,"column":32}},{"start":{"line":36,"column":36},"end":{"line":36,"column":null}}]},"2":{"loc":{"start":{"line":37,"column":21},"end":{"line":37,"column":null}},"type":"binary-expr","locations":[{"start":{"line":37,"column":21},"end":{"line":37,"column":40}},{"start":{"line":37,"column":44},"end":{"line":37,"column":74}},{"start":{"line":37,"column":74},"end":{"line":37,"column":null}}]},"3":{"loc":{"start":{"line":65,"column":13},"end":{"line":65,"column":28}},"type":"binary-expr","locations":[{"start":{"line":65,"column":13},"end":{"line":65,"column":28}}]},"4":{"loc":{"start":{"line":109,"column":36},"end":{"line":109,"column":null}},"type":"cond-expr","locations":[{"start":{"line":109,"column":53},"end":{"line":109,"column":59}},{"start":{"line":109,"column":59},"end":{"line":109,"column":null}}]},"5":{"loc":{"start":{"line":113,"column":15},"end":{"line":113,"column":76}},"type":"cond-expr","locations":[{"start":{"line":113,"column":27},"end":{"line":113,"column":39}},{"start":{"line":113,"column":39},"end":{"line":113,"column":76}}]},"6":{"loc":{"start":{"line":126,"column":12},"end":{"line":138,"column":13}},"type":"cond-expr","locations":[{"start":{"line":126,"column":12},"end":{"line":138,"column":13}}]},"7":{"loc":{"start":{"line":125,"column":11},"end":{"line":125,"column":null}},"type":"binary-expr","locations":[{"start":{"line":125,"column":11},"end":{"line":125,"column":23}},{"start":{"line":125,"column":23},"end":{"line":125,"column":null}}]}},"s":{"0":0,"1":0,"2":0,"3":0,"4":0,"5":0,"6":0,"7":0,"8":0,"9":0,"10":0,"11":0,"12":0,"13":0,"14":0,"15":0,"16":0,"17":0,"18":0,"19":0,"20":0,"21":0},"f":{"0":0,"1":0,"2":0,"3":0},"b":{"0":[0],"1":[0,0],"2":[0,0,0],"3":[0],"4":[0,0],"5":[0,0],"6":[0],"7":[0,0]}}
,"D:\\Sites\\cc\\frontend-hub\\src\\components\\hub\\comment-system.tsx": {"path":"D:\\Sites\\cc\\frontend-hub\\src\\components\\hub\\comment-system.tsx","statementMap":{"0":{"start":{"line":50,"column":16},"end":{"line":50,"column":30}},"1":{"start":{"line":3,"column":36},"end":{"line":3,"column":null}},"2":{"start":{"line":4,"column":40},"end":{"line":4,"column":null}},"3":{"start":{"line":16,"column":7},"end":{"line":16,"column":null}},"4":{"start":{"line":17,"column":18},"end":{"line":17,"column":null}},"5":{"start":{"line":19,"column":23},"end":{"line":19,"column":null}},"6":{"start":{"line":20,"column":21},"end":{"line":20,"column":null}},"7":{"start":{"line":21,"column":22},"end":{"line":21,"column":null}},"8":{"start":{"line":22,"column":36},"end":{"line":22,"column":null}},"9":{"start":{"line":58,"column":44},"end":{"line":58,"column":null}},"10":{"start":{"line":59,"column":38},"end":{"line":59,"column":null}},"11":{"start":{"line":60,"column":38},"end":{"line":60,"column":null}},"12":{"start":{"line":61,"column":42},"end":{"line":61,"column":null}},"13":{"start":{"line":62,"column":46},"end":{"line":62,"column":null}},"14":{"start":{"line":63,"column":40},"end":{"line":63,"column":null}},"15":{"start":{"line":64,"column":36},"end":{"line":64,"column":null}},"16":{"start":{"line":65,"column":30},"end":{"line":65,"column":null}},"17":{"start":{"line":67,"column":2},"end":{"line":78,"column":null}},"18":{"start":{"line":69,"column":25},"end":{"line":75,"column":null}},"19":{"start":{"line":70,"column":6},"end":{"line":70,"column":null}},"20":{"start":{"line":72,"column":6},"end":{"line":72,"column":null}},"21":{"start":{"line":72,"column":35},"end":{"line":72,"column":null}},"22":{"start":{"line":73,"column":6},"end":{"line":73,"column":null}},"23":{"start":{"line":74,"column":6},"end":{"line":74,"column":null}},"24":{"start":{"line":77,"column":4},"end":{"line":77,"column":null}},"25":{"start":{"line":80,"column":30},"end":{"line":103,"column":null}},"26":{"start":{"line":81,"column":4},"end":{"line":81,"column":null}},"27":{"start":{"line":81,"column":28},"end":{"line":81,"column":null}},"28":{"start":{"line":83,"column":29},"end":{"line":96,"column":null}},"29":{"start":{"line":98,"column":4},"end":{"line":98,"column":null}},"30":{"start":{"line":98,"column":29},"end":{"line":98,"column":null}},"31":{"start":{"line":99,"column":4},"end":{"line":99,"column":null}},"32":{"start":{"line":102,"column":4},"end":{"line":102,"column":null}},"33":{"start":{"line":105,"column":22},"end":{"line":131,"column":null}},"34":{"start":{"line":106,"column":4},"end":{"line":106,"column":null}},"35":{"start":{"line":106,"column":30},"end":{"line":106,"column":null}},"36":{"start":{"line":108,"column":27},"end":{"line":119,"column":null}},"37":{"start":{"line":121,"column":4},"end":{"line":125,"column":null}},"38":{"start":{"line":122,"column":6},"end":{"line":125,"column":null}},"39":{"start":{"line":123,"column":8},"end":{"line":125,"column":null}},"40":{"start":{"line":129,"column":4},"end":{"line":129,"column":null}},"41":{"start":{"line":130,"column":4},"end":{"line":130,"column":null}},"42":{"start":{"line":133,"column":21},"end":{"line":146,"column":null}},"43":{"start":{"line":134,"column":4},"end":{"line":144,"column":null}},"44":{"start":{"line":135,"column":6},"end":{"line":144,"column":null}},"45":{"start":{"line":136,"column":8},"end":{"line":142,"column":null}},"46":{"start":{"line":137,"column":10},"end":{"line":141,"column":null}},"47":{"start":{"line":143,"column":8},"end":{"line":143,"column":null}},"48":{"start":{"line":148,"column":21},"end":{"line":158,"column":null}},"49":{"start":{"line":149,"column":4},"end":{"line":153,"column":null}},"50":{"start":{"line":150,"column":6},"end":{"line":153,"column":null}},"51":{"start":{"line":151,"column":8},"end":{"line":153,"column":null}},"52":{"start":{"line":156,"column":4},"end":{"line":156,"column":null}},"53":{"start":{"line":157,"column":4},"end":{"line":157,"column":null}},"54":{"start":{"line":160,"column":23},"end":{"line":162,"column":null}},"55":{"start":{"line":161,"column":4},"end":{"line":161,"column":null}},"56":{"start":{"line":161,"column":29},"end":{"line":161,"column":null}},"57":{"start":{"line":161,"column":52},"end":{"line":161,"column":null}},"58":{"start":{"line":164,"column":25},"end":{"line":174,"column":null}},"59":{"start":{"line":165,"column":4},"end":{"line":173,"column":null}},"60":{"start":{"line":167,"column":8},"end":{"line":167,"column":null}},"61":{"start":{"line":169,"column":8},"end":{"line":169,"column":null}},"62":{"start":{"line":172,"column":8},"end":{"line":172,"column":null}},"63":{"start":{"line":190,"column":29},"end":{"line":190,"column":null}},"64":{"start":{"line":206,"column":31},"end":{"line":206,"column":null}},"65":{"start":{"line":232,"column":12},"end":{"line":232,"column":26}},"66":{"start":{"line":257,"column":12},"end":{"line":258,"column":null}},"67":{"start":{"line":261,"column":28},"end":{"line":261,"column":null}},"68":{"start":{"line":262,"column":29},"end":{"line":262,"column":null}},"69":{"start":{"line":263,"column":35},"end":{"line":263,"column":null}},"70":{"start":{"line":264,"column":30},"end":{"line":264,"column":null}},"71":{"start":{"line":268,"column":35},"end":{"line":268,"column":null}},"72":{"start":{"line":269,"column":35},"end":{"line":269,"column":null}},"73":{"start":{"line":305,"column":40},"end":{"line":305,"column":null}},"74":{"start":{"line":306,"column":36},"end":{"line":306,"column":null}},"75":{"start":{"line":307,"column":40},"end":{"line":307,"column":null}},"76":{"start":{"line":309,"column":18},"end":{"line":309,"column":53}},"77":{"start":{"line":311,"column":21},"end":{"line":314,"column":null}},"78":{"start":{"line":312,"column":4},"end":{"line":312,"column":null}},"79":{"start":{"line":313,"column":4},"end":{"line":313,"column":null}},"80":{"start":{"line":365,"column":35},"end":{"line":365,"column":null}},"81":{"start":{"line":373,"column":69},"end":{"line":373,"column":90}},"82":{"start":{"line":411,"column":35},"end":{"line":411,"column":null}},"83":{"start":{"line":427,"column":28},"end":{"line":427,"column":null}},"84":{"start":{"line":428,"column":28},"end":{"line":428,"column":null}},"85":{"start":{"line":437,"column":28},"end":{"line":437,"column":null}},"86":{"start":{"line":438,"column":28},"end":{"line":438,"column":null}},"87":{"start":{"line":468,"column":37},"end":{"line":468,"column":null}},"88":{"start":{"line":489,"column":18},"end":{"line":489,"column":38}},"89":{"start":{"line":526,"column":32},"end":{"line":566,"column":null}}},"fnMap":{"0":{"name":"CommentSystem","decl":{"start":{"line":50,"column":16},"end":{"line":50,"column":30}},"loc":{"start":{"line":57,"column":21},"end":{"line":276,"column":null}}},"1":{"name":"(anonymous_3)","decl":{"start":{"line":67,"column":12},"end":{"line":67,"column":null}},"loc":{"start":{"line":67,"column":12},"end":{"line":78,"column":5}}},"2":{"name":"(anonymous_4)","decl":{"start":{"line":69,"column":25},"end":{"line":69,"column":null}},"loc":{"start":{"line":69,"column":25},"end":{"line":75,"column":null}}},"3":{"name":"(anonymous_5)","decl":{"start":{"line":72,"column":24},"end":{"line":72,"column":35}},"loc":{"start":{"line":72,"column":35},"end":{"line":72,"column":null}}},"4":{"name":"(anonymous_6)","decl":{"start":{"line":80,"column":30},"end":{"line":80,"column":null}},"loc":{"start":{"line":80,"column":30},"end":{"line":103,"column":null}}},"5":{"name":"(anonymous_7)","decl":{"start":{"line":98,"column":21},"end":{"line":98,"column":29}},"loc":{"start":{"line":98,"column":29},"end":{"line":98,"column":null}}},"6":{"name":"(anonymous_8)","decl":{"start":{"line":105,"column":22},"end":{"line":105,"column":29}},"loc":{"start":{"line":105,"column":29},"end":{"line":131,"column":null}}},"7":{"name":"(anonymous_9)","decl":{"start":{"line":121,"column":21},"end":{"line":121,"column":null}},"loc":{"start":{"line":122,"column":6},"end":{"line":125,"column":null}}},"8":{"name":"(anonymous_10)","decl":{"start":{"line":122,"column":15},"end":{"line":122,"column":null}},"loc":{"start":{"line":123,"column":8},"end":{"line":125,"column":null}}},"9":{"name":"(anonymous_11)","decl":{"start":{"line":133,"column":21},"end":{"line":133,"column":22}},"loc":{"start":{"line":133,"column":22},"end":{"line":146,"column":null}}},"10":{"name":"(anonymous_12)","decl":{"start":{"line":134,"column":21},"end":{"line":134,"column":null}},"loc":{"start":{"line":135,"column":6},"end":{"line":144,"column":null}}},"11":{"name":"(anonymous_13)","decl":{"start":{"line":135,"column":15},"end":{"line":135,"column":null}},"loc":{"start":{"line":135,"column":15},"end":{"line":144,"column":null}}},"12":{"name":"(anonymous_14)","decl":{"start":{"line":148,"column":21},"end":{"line":148,"column":22}},"loc":{"start":{"line":148,"column":41},"end":{"line":158,"column":null}}},"13":{"name":"(anonymous_15)","decl":{"start":{"line":149,"column":21},"end":{"line":149,"column":null}},"loc":{"start":{"line":150,"column":6},"end":{"line":153,"column":null}}},"14":{"name":"(anonymous_16)","decl":{"start":{"line":150,"column":15},"end":{"line":150,"column":null}},"loc":{"start":{"line":151,"column":8},"end":{"line":153,"column":null}}},"15":{"name":"(anonymous_17)","decl":{"start":{"line":160,"column":23},"end":{"line":160,"column":24}},"loc":{"start":{"line":160,"column":24},"end":{"line":162,"column":null}}},"16":{"name":"(anonymous_18)","decl":{"start":{"line":161,"column":21},"end":{"line":161,"column":29}},"loc":{"start":{"line":161,"column":29},"end":{"line":161,"column":null}}},"17":{"name":"(anonymous_19)","decl":{"start":{"line":161,"column":41},"end":{"line":161,"column":52}},"loc":{"start":{"line":161,"column":52},"end":{"line":161,"column":null}}},"18":{"name":"(anonymous_20)","decl":{"start":{"line":164,"column":49},"end":{"line":164,"column":50}},"loc":{"start":{"line":164,"column":53},"end":{"line":174,"column":null}}},"19":{"name":"(anonymous_21)","decl":{"start":{"line":190,"column":22},"end":{"line":190,"column":23}},"loc":{"start":{"line":190,"column":29},"end":{"line":190,"column":null}}},"20":{"name":"(anonymous_22)","decl":{"start":{"line":206,"column":24},"end":{"line":206,"column":25}},"loc":{"start":{"line":206,"column":31},"end":{"line":206,"column":null}}},"21":{"name":"(anonymous_23)","decl":{"start":{"line":231,"column":25},"end":{"line":231,"column":26}},"loc":{"start":{"line":232,"column":12},"end":{"line":232,"column":26}}},"22":{"name":"(anonymous_24)","decl":{"start":{"line":256,"column":30},"end":{"line":256,"column":31}},"loc":{"start":{"line":257,"column":12},"end":{"line":258,"column":null}}},"23":{"name":"(anonymous_25)","decl":{"start":{"line":261,"column":22},"end":{"line":261,"column":28}},"loc":{"start":{"line":261,"column":28},"end":{"line":261,"column":null}}},"24":{"name":"(anonymous_26)","decl":{"start":{"line":262,"column":23},"end":{"line":262,"column":29}},"loc":{"start":{"line":262,"column":29},"end":{"line":262,"column":null}}},"25":{"name":"(anonymous_27)","decl":{"start":{"line":263,"column":22},"end":{"line":263,"column":23}},"loc":{"start":{"line":263,"column":35},"end":{"line":263,"column":null}}},"26":{"name":"(anonymous_28)","decl":{"start":{"line":264,"column":24},"end":{"line":264,"column":30}},"loc":{"start":{"line":264,"column":30},"end":{"line":264,"column":null}}},"27":{"name":"(anonymous_29)","decl":{"start":{"line":268,"column":29},"end":{"line":268,"column":35}},"loc":{"start":{"line":268,"column":35},"end":{"line":268,"column":null}}},"28":{"name":"(anonymous_30)","decl":{"start":{"line":269,"column":29},"end":{"line":269,"column":35}},"loc":{"start":{"line":269,"column":35},"end":{"line":269,"column":null}}},"29":{"name":"CommentItem","decl":{"start":{"line":292,"column":9},"end":{"line":292,"column":21}},"loc":{"start":{"line":304,"column":19},"end":{"line":523,"column":null}}},"30":{"name":"(anonymous_32)","decl":{"start":{"line":311,"column":21},"end":{"line":311,"column":null}},"loc":{"start":{"line":311,"column":21},"end":{"line":314,"column":null}}},"31":{"name":"(anonymous_33)","decl":{"start":{"line":365,"column":28},"end":{"line":365,"column":29}},"loc":{"start":{"line":365,"column":35},"end":{"line":365,"column":null}}},"32":{"name":"(anonymous_34)","decl":{"start":{"line":373,"column":63},"end":{"line":373,"column":69}},"loc":{"start":{"line":373,"column":69},"end":{"line":373,"column":90}}},"33":{"name":"(anonymous_35)","decl":{"start":{"line":411,"column":29},"end":{"line":411,"column":35}},"loc":{"start":{"line":411,"column":35},"end":{"line":411,"column":null}}},"34":{"name":"(anonymous_36)","decl":{"start":{"line":426,"column":35},"end":{"line":426,"column":null}},"loc":{"start":{"line":426,"column":35},"end":{"line":429,"column":null}}},"35":{"name":"(anonymous_37)","decl":{"start":{"line":436,"column":35},"end":{"line":436,"column":null}},"loc":{"start":{"line":436,"column":35},"end":{"line":439,"column":null}}},"36":{"name":"(anonymous_38)","decl":{"start":{"line":468,"column":30},"end":{"line":468,"column":31}},"loc":{"start":{"line":468,"column":37},"end":{"line":468,"column":null}}},"37":{"name":"(anonymous_39)","decl":{"start":{"line":488,"column":37},"end":{"line":488,"column":38}},"loc":{"start":{"line":489,"column":18},"end":{"line":489,"column":38}}}},"branchMap":{"0":{"loc":{"start":{"line":53,"column":2},"end":{"line":53,"column":15}},"type":"default-arg","locations":[{"start":{"line":53,"column":13},"end":{"line":53,"column":15}}]},"1":{"loc":{"start":{"line":54,"column":2},"end":{"line":54,"column":22}},"type":"default-arg","locations":[{"start":{"line":54,"column":18},"end":{"line":54,"column":22}}]},"2":{"loc":{"start":{"line":56,"column":2},"end":{"line":56,"column":16}},"type":"default-arg","locations":[{"start":{"line":56,"column":14},"end":{"line":56,"column":16}}]},"3":{"loc":{"start":{"line":81,"column":4},"end":{"line":81,"column":null}},"type":"if","locations":[{"start":{"line":81,"column":4},"end":{"line":81,"column":null}}]},"4":{"loc":{"start":{"line":86,"column":12},"end":{"line":86,"column":null}},"type":"binary-expr","locations":[{"start":{"line":86,"column":12},"end":{"line":86,"column":29}},{"start":{"line":86,"column":29},"end":{"line":86,"column":null}}]},"5":{"loc":{"start":{"line":106,"column":4},"end":{"line":106,"column":null}},"type":"if","locations":[{"start":{"line":106,"column":4},"end":{"line":106,"column":null}}]},"6":{"loc":{"start":{"line":111,"column":12},"end":{"line":111,"column":null}},"type":"binary-expr","locations":[{"start":{"line":111,"column":12},"end":{"line":111,"column":29}},{"start":{"line":111,"column":29},"end":{"line":111,"column":null}}]},"7":{"loc":{"start":{"line":123,"column":8},"end":{"line":125,"column":null}},"type":"cond-expr","locations":[{"start":{"line":124,"column":12},"end":{"line":124,"column":null}},{"start":{"line":125,"column":12},"end":{"line":125,"column":null}}]},"8":{"loc":{"start":{"line":124,"column":40},"end":{"line":124,"column":61}},"type":"binary-expr","locations":[{"start":{"line":124,"column":40},"end":{"line":124,"column":55}},{"start":{"line":124,"column":59},"end":{"line":124,"column":61}}]},"9":{"loc":{"start":{"line":136,"column":8},"end":{"line":142,"column":null}},"type":"if","locations":[{"start":{"line":136,"column":8},"end":{"line":142,"column":null}}]},"10":{"loc":{"start":{"line":140,"column":19},"end":{"line":140,"column":null}},"type":"cond-expr","locations":[{"start":{"line":140,"column":37},"end":{"line":140,"column":57}},{"start":{"line":140,"column":57},"end":{"line":140,"column":null}}]},"11":{"loc":{"start":{"line":151,"column":8},"end":{"line":153,"column":null}},"type":"cond-expr","locations":[{"start":{"line":152,"column":12},"end":{"line":152,"column":null}},{"start":{"line":153,"column":12},"end":{"line":153,"column":null}}]},"12":{"loc":{"start":{"line":165,"column":4},"end":{"line":173,"column":null}},"type":"switch","locations":[{"start":{"line":166,"column":6},"end":{"line":167,"column":null}},{"start":{"line":168,"column":6},"end":{"line":169,"column":null}},{"start":{"line":170,"column":6},"end":{"line":170,"column":null}},{"start":{"line":171,"column":6},"end":{"line":172,"column":null}}]},"13":{"loc":{"start":{"line":187,"column":9},"end":{"line":187,"column":null}},"type":"binary-expr","locations":[{"start":{"line":187,"column":9},"end":{"line":187,"column":null}}]},"14":{"loc":{"start":{"line":201,"column":7},"end":{"line":201,"column":null}},"type":"binary-expr","locations":[{"start":{"line":201,"column":7},"end":{"line":201,"column":null}}]},"15":{"loc":{"start":{"line":230,"column":8},"end":{"line":244,"column":25}},"type":"cond-expr","locations":[{"start":{"line":230,"column":8},"end":{"line":244,"column":25}}]},"16":{"loc":{"start":{"line":245,"column":8},"end":{"line":255,"column":9}},"type":"cond-expr","locations":[{"start":{"line":245,"column":8},"end":{"line":255,"column":9}}]},"17":{"loc":{"start":{"line":327,"column":14},"end":{"line":335,"column":15}},"type":"cond-expr","locations":[{"start":{"line":327,"column":14},"end":{"line":335,"column":15}}]},"18":{"loc":{"start":{"line":347,"column":15},"end":{"line":347,"column":40}},"type":"binary-expr","locations":[{"start":{"line":347,"column":15},"end":{"line":347,"column":40}}]},"19":{"loc":{"start":{"line":355,"column":15},"end":{"line":355,"column":31}},"type":"binary-expr","locations":[{"start":{"line":355,"column":15},"end":{"line":355,"column":31}}]},"20":{"loc":{"start":{"line":362,"column":14},"end":{"line":379,"column":15}},"type":"cond-expr","locations":[{"start":{"line":362,"column":14},"end":{"line":379,"column":15}}]},"21":{"loc":{"start":{"line":389,"column":18},"end":{"line":391,"column":null}},"type":"cond-expr","locations":[{"start":{"line":390,"column":22},"end":{"line":390,"column":null}},{"start":{"line":39
[...]
,"D:\\Sites\\cc\\frontend-hub\\src\\hooks\\useDebounce.ts": {"path":"D:\\Sites\\cc\\frontend-hub\\src\\hooks\\useDebounce.ts","statementMap":{"0":{"start":{"line":9,"column":16},"end":{"line":9,"column":31}},"1":{"start":{"line":1,"column":36},"end":{"line":1,"column":null}},"2":{"start":{"line":10,"column":46},"end":{"line":10,"column":null}},"3":{"start":{"line":12,"column":2},"end":{"line":22,"column":null}},"4":{"start":{"line":14,"column":20},"end":{"line":16,"column":null}},"5":{"start":{"line":15,"column":6},"end":{"line":15,"column":null}},"6":{"start":{"line":19,"column":4},"end":{"line":21,"column":null}},"7":{"start":{"line":20,"column":6},"end":{"line":20,"column":null}},"8":{"start":{"line":24,"column":2},"end":{"line":24,"column":null}}},"fnMap":{"0":{"name":"useDebounce","decl":{"start":{"line":9,"column":16},"end":{"line":9,"column":31}},"loc":{"start":{"line":9,"column":54},"end":{"line":25,"column":null}}},"1":{"name":"(anonymous_2)","decl":{"start":{"line":12,"column":12},"end":{"line":12,"column":null}},"loc":{"start":{"line":12,"column":12},"end":{"line":22,"column":5}}},"2":{"name":"(anonymous_3)","decl":{"start":{"line":14,"column":31},"end":{"line":14,"column":null}},"loc":{"start":{"line":14,"column":31},"end":{"line":16,"column":7}}},"3":{"name":"(anonymous_4)","decl":{"start":{"line":19,"column":11},"end":{"line":19,"column":null}},"loc":{"start":{"line":19,"column":11},"end":{"line":21,"column":null}}}},"branchMap":{},"s":{"0":0,"1":0,"2":0,"3":0,"4":0,"5":0,"6":0,"7":0,"8":0},"f":{"0":0,"1":0,"2":0,"3":0},"b":{}}
,"D:\\Sites\\cc\\frontend-hub\\src\\hooks\\useSearchHistory.ts": {"path":"D:\\Sites\\cc\\frontend-hub\\src\\hooks\\useSearchHistory.ts","statementMap":{"0":{"start":{"line":14,"column":16},"end":{"line":14,"column":null}},"1":{"start":{"line":1,"column":36},"end":{"line":1,"column":null}},"2":{"start":{"line":11,"column":20},"end":{"line":11,"column":null}},"3":{"start":{"line":12,"column":26},"end":{"line":12,"column":null}},"4":{"start":{"line":15,"column":32},"end":{"line":15,"column":null}},"5":{"start":{"line":18,"column":2},"end":{"line":28,"column":null}},"6":{"start":{"line":19,"column":4},"end":{"line":27,"column":null}},"7":{"start":{"line":20,"column":21},"end":{"line":20,"column":null}},"8":{"start":{"line":21,"column":6},"end":{"line":24,"column":null}},"9":{"start":{"line":22,"column":23},"end":{"line":22,"column":null}},"10":{"start":{"line":23,"column":8},"end":{"line":23,"column":null}},"11":{"start":{"line":26,"column":6},"end":{"line":26,"column":null}},"12":{"start":{"line":31,"column":29},"end":{"line":49,"column":null}},"13":{"start":{"line":32,"column":4},"end":{"line":32,"column":null}},"14":{"start":{"line":32,"column":23},"end":{"line":32,"column":null}},"15":{"start":{"line":34,"column":39},"end":{"line":40,"column":null}},"16":{"start":{"line":42,"column":27},"end":{"line":45,"column":null}},"17":{"start":{"line":44,"column":32},"end":{"line":44,"column":null}},"18":{"start":{"line":47,"column":4},"end":{"line":47,"column":null}},"19":{"start":{"line":48,"column":4},"end":{"line":48,"column":null}},"20":{"start":{"line":52,"column":34},"end":{"line":56,"column":null}},"21":{"start":{"line":53,"column":27},"end":{"line":53,"column":null}},"22":{"start":{"line":53,"column":50},"end":{"line":53,"column":null}},"23":{"start":{"line":54,"column":4},"end":{"line":54,"column":null}},"24":{"start":{"line":55,"column":4},"end":{"line":55,"column":null}},"25":{"start":{"line":59,"column":29},"end":{"line":62,"column":null}},"26":{"start":{"line":60,"column":4},"end":{"line":60,"column":null}},"27":{"start":{"line":61,"column":4},"end":{"line":61,"column":null}},"28":{"start":{"line":65,"column":31},"end":{"line":69,"column":null}},"29":{"start":{"line":66,"column":4},"end":{"line":68,"column":null}},"30":{"start":{"line":68,"column":22},"end":{"line":68,"column":47}},"31":{"start":{"line":71,"column":2},"end":{"line":77,"column":null}}},"fnMap":{"0":{"name":"useSearchHistory","decl":{"start":{"line":14,"column":16},"end":{"line":14,"column":null}},"loc":{"start":{"line":14,"column":16},"end":{"line":78,"column":null}}},"1":{"name":"(anonymous_2)","decl":{"start":{"line":18,"column":12},"end":{"line":18,"column":null}},"loc":{"start":{"line":18,"column":12},"end":{"line":28,"column":5}}},"2":{"name":"(anonymous_3)","decl":{"start":{"line":31,"column":29},"end":{"line":31,"column":30}},"loc":{"start":{"line":31,"column":90},"end":{"line":49,"column":null}}},"3":{"name":"(anonymous_4)","decl":{"start":{"line":44,"column":24},"end":{"line":44,"column":32}},"loc":{"start":{"line":44,"column":32},"end":{"line":44,"column":null}}},"4":{"name":"(anonymous_5)","decl":{"start":{"line":52,"column":34},"end":{"line":52,"column":35}},"loc":{"start":{"line":52,"column":35},"end":{"line":56,"column":null}}},"5":{"name":"(anonymous_6)","decl":{"start":{"line":53,"column":42},"end":{"line":53,"column":50}},"loc":{"start":{"line":53,"column":50},"end":{"line":53,"column":null}}},"6":{"name":"(anonymous_7)","decl":{"start":{"line":59,"column":29},"end":{"line":59,"column":null}},"loc":{"start":{"line":59,"column":29},"end":{"line":62,"column":null}}},"7":{"name":"(anonymous_8)","decl":{"start":{"line":65,"column":31},"end":{"line":65,"column":32}},"loc":{"start":{"line":65,"column":49},"end":{"line":69,"column":null}}},"8":{"name":"(anonymous_9)","decl":{"start":{"line":68,"column":12},"end":{"line":68,"column":13}},"loc":{"start":{"line":68,"column":22},"end":{"line":68,"column":47}}}},"branchMap":{"0":{"loc":{"start":{"line":21,"column":6},"end":{"line":24,"column":null}},"type":"if","locations":[{"start":{"line":21,"column":6},"end":{"line":24,"column":null}}]},"1":{"loc":{"start":{"line":31,"column":45},"end":{"line":31,"column":88}},"type":"default-arg","locations":[{"start":{"line":31,"column":79},"end":{"line":31,"column":88}}]},"2":{"loc":{"start":{"line":32,"column":4},"end":{"line":32,"column":null}},"type":"if","locations":[{"start":{"line":32,"column":4},"end":{"line":32,"column":null}}]},"3":{"loc":{"start":{"line":65,"column":32},"end":{"line":65,"column":49}},"type":"default-arg","locations":[{"start":{"line":65,"column":48},"end":{"line":65,"column":49}}]}},"s":{"0":0,"1":0,"2":0,"3":0,"4":0,"5":0,"6":0,"7":0,"8":0,"9":0,"10":0,"11":0,"12":0,"13":0,"14":0,"15":0,"16":0,"17":0,"18":0,"19":0,"20":0,"21":0,"22":0,"23":0,"24":0,"25":0,"26":0,"27":0,"28":0,"29":0,"30":0,"31":0},"f":{"0":0,"1":0,"2":0,"3":0,"4":0,"5":0,"6":0,"7":0,"8":0},"b":{"0":[0],"1":[0],"2":[0],"3":[0]}}
,"D:\\Sites\\cc\\frontend-hub\\src\\hooks\\useUrlState.ts": {"path":"D:\\Sites\\cc\\frontend-hub\\src\\hooks\\useUrlState.ts","statementMap":{"0":{"start":{"line":4,"column":16},"end":{"line":4,"column":null}},"1":{"start":{"line":1,"column":49},"end":{"line":1,"column":null}},"2":{"start":{"line":2,"column":43},"end":{"line":2,"column":null}},"3":{"start":{"line":8,"column":17},"end":{"line":8,"column":null}},"4":{"start":{"line":9,"column":23},"end":{"line":9,"column":null}},"5":{"start":{"line":10,"column":28},"end":{"line":10,"column":null}},"6":{"start":{"line":13,"column":2},"end":{"line":48,"column":null}},"7":{"start":{"line":14,"column":22},"end":{"line":14,"column":null}},"8":{"start":{"line":15,"column":37},"end":{"line":15,"column":null}},"9":{"start":{"line":17,"column":4},"end":{"line":32,"column":null}},"10":{"start":{"line":18,"column":20},"end":{"line":18,"column":null}},"11":{"start":{"line":19,"column":6},"end":{"line":31,"column":null}},"12":{"start":{"line":21,"column":8},"end":{"line":30,"column":null}},"13":{"start":{"line":22,"column":10},"end":{"line":22,"column":null}},"14":{"start":{"line":23,"column":15},"end":{"line":30,"column":null}},"15":{"start":{"line":24,"column":22},"end":{"line":24,"column":null}},"16":{"start":{"line":25,"column":10},"end":{"line":27,"column":null}},"17":{"start":{"line":26,"column":12},"end":{"line":26,"column":null}},"18":{"start":{"line":29,"column":10},"end":{"line":29,"column":null}},"19":{"start":{"line":35,"column":4},"end":{"line":45,"column":null}},"20":{"start":{"line":36,"column":6},"end":{"line":44,"column":null}},"21":{"start":{"line":37,"column":23},"end":{"line":37,"column":null}},"22":{"start":{"line":38,"column":8},"end":{"line":41,"column":null}},"23":{"start":{"line":39,"column":31},"end":{"line":39,"column":null}},"24":{"start":{"line":40,"column":10},"end":{"line":40,"column":null}},"25":{"start":{"line":43,"column":8},"end":{"line":43,"column":null}},"26":{"start":{"line":47,"column":4},"end":{"line":47,"column":null}},"27":{"start":{"line":47,"column":27},"end":{"line":47,"column":null}},"28":{"start":{"line":51,"column":22},"end":{"line":83,"column":null}},"29":{"start":{"line":52,"column":4},"end":{"line":82,"column":null}},"30":{"start":{"line":53,"column":27},"end":{"line":53,"column":null}},"31":{"start":{"line":56,"column":24},"end":{"line":56,"column":null}},"32":{"start":{"line":57,"column":6},"end":{"line":64,"column":null}},"33":{"start":{"line":58,"column":8},"end":{"line":63,"column":null}},"34":{"start":{"line":60,"column":10},"end":{"line":62,"column":null}},"35":{"start":{"line":61,"column":12},"end":{"line":61,"column":null}},"36":{"start":{"line":66,"column":21},"end":{"line":68,"column":34}},"37":{"start":{"line":70,"column":6},"end":{"line":70,"column":null}},"38":{"start":{"line":73,"column":6},"end":{"line":79,"column":null}},"39":{"start":{"line":74,"column":8},"end":{"line":78,"column":null}},"40":{"start":{"line":75,"column":10},"end":{"line":75,"column":null}},"41":{"start":{"line":77,"column":10},"end":{"line":77,"column":null}},"42":{"start":{"line":81,"column":6},"end":{"line":81,"column":null}},"43":{"start":{"line":86,"column":21},"end":{"line":97,"column":null}},"44":{"start":{"line":87,"column":4},"end":{"line":87,"column":null}},"45":{"start":{"line":88,"column":4},"end":{"line":88,"column":null}},"46":{"start":{"line":90,"column":4},"end":{"line":96,"column":null}},"47":{"start":{"line":91,"column":6},"end":{"line":95,"column":null}},"48":{"start":{"line":92,"column":8},"end":{"line":92,"column":null}},"49":{"start":{"line":94,"column":8},"end":{"line":94,"column":null}},"50":{"start":{"line":99,"column":2},"end":{"line":99,"column":null}}},"fnMap":{"0":{"name":"useUrlState","decl":{"start":{"line":4,"column":16},"end":{"line":4,"column":null}},"loc":{"start":{"line":6,"column":19},"end":{"line":100,"column":null}}},"1":{"name":"(anonymous_2)","decl":{"start":{"line":13,"column":12},"end":{"line":13,"column":null}},"loc":{"start":{"line":13,"column":12},"end":{"line":48,"column":5}}},"2":{"name":"(anonymous_3)","decl":{"start":{"line":17,"column":38},"end":{"line":17,"column":null}},"loc":{"start":{"line":17,"column":38},"end":{"line":32,"column":null}}},"3":{"name":"(anonymous_4)","decl":{"start":{"line":47,"column":13},"end":{"line":47,"column":27}},"loc":{"start":{"line":47,"column":27},"end":{"line":47,"column":null}}},"4":{"name":"(anonymous_5)","decl":{"start":{"line":51,"column":34},"end":{"line":51,"column":35}},"loc":{"start":{"line":51,"column":35},"end":{"line":83,"column":5}}},"5":{"name":"(anonymous_6)","decl":{"start":{"line":52,"column":13},"end":{"line":52,"column":null}},"loc":{"start":{"line":52,"column":13},"end":{"line":82,"column":null}}},"6":{"name":"(anonymous_7)","decl":{"start":{"line":57,"column":43},"end":{"line":57,"column":44}},"loc":{"start":{"line":57,"column":56},"end":{"line":64,"column":null}}},"7":{"name":"(anonymous_8)","decl":{"start":{"line":86,"column":33},"end":{"line":86,"column":null}},"loc":{"start":{"line":86,"column":33},"end":{"line":97,"column":5}}}},"branchMap":{"0":{"loc":{"start":{"line":19,"column":6},"end":{"line":31,"column":null}},"type":"if","locations":[{"start":{"line":19,"column":6},"end":{"line":31,"column":null}}]},"1":{"loc":{"start":{"line":21,"column":8},"end":{"line":30,"column":null}},"type":"if","locations":[{"start":{"line":21,"column":8},"end":{"line":30,"column":null}},{"start":{"line":23,"column":15},"end":{"line":30,"column":null}}]},"2":{"loc":{"start":{"line":23,"column":15},"end":{"line":30,"column":null}},"type":"if","locations":[{"start":{"line":23,"column":15},"end":{"line":30,"column":null}},{"start":{"line":28,"column":15},"end":{"line":30,"column":null}}]},"3":{"loc":{"start":{"line":25,"column":10},"end":{"line":27,"column":null}},"type":"if","locations":[{"start":{"line":25,"column":10},"end":{"line":27,"column":null}}]},"4":{"loc":{"start":{"line":35,"column":4},"end":{"line":45,"column":null}},"type":"if","locations":[{"start":{"line":35,"column":4},"end":{"line":45,"column":null}}]},"5":{"loc":{"start":{"line":38,"column":8},"end":{"line":41,"column":null}},"type":"if","locations":[{"start":{"line":38,"column":8},"end":{"line":41,"column":null}}]},"6":{"loc":{"start":{"line":58,"column":8},"end":{"line":63,"column":null}},"type":"if","locations":[{"start":{"line":58,"column":8},"end":{"line":63,"column":null}}]},"7":{"loc":{"start":{"line":58,"column":12},"end":{"line":58,"column":67}},"type":"binary-expr","locations":[{"start":{"line":58,"column":12},"end":{"line":58,"column":35}},{"start":{"line":58,"column":35},"end":{"line":58,"column":53}},{"start":{"line":58,"column":53},"end":{"line":58,"column":67}}]},"8":{"loc":{"start":{"line":60,"column":10},"end":{"line":62,"column":null}},"type":"if","locations":[{"start":{"line":60,"column":10},"end":{"line":62,"column":null}}]},"9":{"loc":{"start":{"line":66,"column":21},"end":{"line":68,"column":34}},"type":"cond-expr","locations":[{"start":{"line":67,"column":10},"end":{"line":67,"column":63}},{"start":{"line":68,"column":10},"end":{"line":68,"column":34}}]},"10":{"loc":{"start":{"line":73,"column":6},"end":{"line":79,"column":null}},"type":"if","locations":[{"start":{"line":73,"column":6},"end":{"line":79,"column":null}}]},"11":{"loc":{"start":{"line":90,"column":4},"end":{"line":96,"column":null}},"type":"if","locations":[{"start":{"line":90,"column":4},"end":{"line":96,"column":null}}]}},"s":{"0":0,"1":0,"2":0,"3":0,"4":0,"5":0,"6":0,"7":0,"8":0,"9":0,"10":0,"11":0,"12":0,"13":0,"14":0,"15":0,"16":0,"17":0,"18":0,"19":0,"20":0,"21":0,"22":0,"23":0,"24":0,"25":0,"26":0,"27":0,"28":0,"29":0,"30":0,"31":0,"32":0,"33":0,"34":0,"35":0,"36":0,"37":0,"38":0,"39":0,"40":0,"41":0,"42":0,"43":0,"44":0,"45":0,"46":0,"47":0,"48":0,"49":0,"50":0},"f":{"0":0,"1":0,"2":0,"3":0,"4":0,"5":0,"6":0,"7":0},"b":{"0":[0],"1":[0,0],"2":[0,0],"3":[0],"4":[0],"5":[0],"6":[0],"7":[0,0,0],"8":[0],"9":[0,0],"10":[0],"11":[0]}}
,"D:\\Sites\\cc\\frontend-hub\\src\\utils\\format.ts": {"path":"D:\\Sites\\cc\\frontend-hub\\src\\utils\\format.ts","statementMap":{"0":{"start":{"line":5,"column":16},"end":{"line":5,"column":30}},"1":{"start":{"line":16,"column":16},"end":{"line":16,"column":26}},"2":{"start":{"line":25,"column":16},"end":{"line":25,"column":35}},"3":{"start":{"line":12,"column":16},"end":{"line":12,"column":28}},"4":{"start":{"line":38,"column":16},"end":{"line":38,"column":32}},"5":{"start":{"line":43,"column":16},"end":{"line":43,"column":28}},"6":{"start":{"line":6,"column":2},"end":{"line":9,"column":null}},"7":{"start":{"line":13,"column":2},"end":{"line":13,"column":null}},"8":{"start":{"line":17,"column":18},"end":{"line":17,"column":null}},"9":{"start":{"line":18,"column":2},"end":{"line":22,"column":null}},"10":{"start":{"line":26,"column":14},"end":{"line":26,"column":null}},"11":{"start":{"line":27,"column":19},"end":{"line":27,"column":null}},"12":{"start":{"line":28,"column":21},"end":{"line":28,"column":null}},"13":{"start":{"line":30,"column":2},"end":{"line":30,"column":null}},"14":{"start":{"line":30,"column":24},"end":{"line":30,"column":null}},"15":{"start":{"line":31,"column":2},"end":{"line":31,"column":null}},"16":{"start":{"line":31,"column":24},"end":{"line":31,"column":null}},"17":{"start":{"line":32,"column":2},"end":{"line":32,"column":null}},"18":{"start":{"line":32,"column":22},"end":{"line":32,"column":null}},"19":{"start":{"line":33,"column":2},"end":{"line":33,"column":null}},"20":{"start":{"line":33,"column":23},"end":{"line":33,"column":null}},"21":{"start":{"line":34,"column":2},"end":{"line":34,"column":null}},"22":{"start":{"line":34,"column":24},"end":{"line":34,"column":null}},"23":{"start":{"line":35,"column":2},"end":{"line":35,"column":null}},"24":{"start":{"line":39,"column":21},"end":{"line":39,"column":null}},"25":{"start":{"line":40,"column":2},"end":{"line":40,"column":null}},"26":{"start":{"line":44,"column":2},"end":{"line":44,"column":null}},"27":{"start":{"line":44,"column":32},"end":{"line":44,"column":null}},"28":{"start":{"line":45,"column":2},"end":{"line":45,"column":null}}},"fnMap":{"0":{"name":"formatCurrency","decl":{"start":{"line":5,"column":16},"end":{"line":5,"column":30}},"loc":{"start":{"line":5,"column":71},"end":{"line":10,"column":null}}},"1":{"name":"formatNumber","decl":{"start":{"line":12,"column":16},"end":{"line":12,"column":28}},"loc":{"start":{"line":12,"column":40},"end":{"line":14,"column":null}}},"2":{"name":"formatDate","decl":{"start":{"line":16,"column":16},"end":{"line":16,"column":26}},"loc":{"start":{"line":16,"column":46},"end":{"line":23,"column":null}}},"3":{"name":"formatDistanceToNow","decl":{"start":{"line":25,"column":16},"end":{"line":25,"column":35}},"loc":{"start":{"line":25,"column":46},"end":{"line":36,"column":null}}},"4":{"name":"formatPercentage","decl":{"start":{"line":38,"column":16},"end":{"line":38,"column":32}},"loc":{"start":{"line":38,"column":61},"end":{"line":41,"column":null}}},"5":{"name":"truncateText","decl":{"start":{"line":43,"column":16},"end":{"line":43,"column":28}},"loc":{"start":{"line":43,"column":60},"end":{"line":46,"column":null}}}},"branchMap":{"0":{"loc":{"start":{"line":5,"column":47},"end":{"line":5,"column":71}},"type":"default-arg","locations":[{"start":{"line":5,"column":66},"end":{"line":5,"column":71}}]},"1":{"loc":{"start":{"line":17,"column":18},"end":{"line":17,"column":null}},"type":"cond-expr","locations":[{"start":{"line":17,"column":45},"end":{"line":17,"column":62}},{"start":{"line":17,"column":62},"end":{"line":17,"column":null}}]},"2":{"loc":{"start":{"line":30,"column":2},"end":{"line":30,"column":null}},"type":"if","locations":[{"start":{"line":30,"column":2},"end":{"line":30,"column":null}}]},"3":{"loc":{"start":{"line":31,"column":2},"end":{"line":31,"column":null}},"type":"if","locations":[{"start":{"line":31,"column":2},"end":{"line":31,"column":null}}]},"4":{"loc":{"start":{"line":32,"column":2},"end":{"line":32,"column":null}},"type":"if","locations":[{"start":{"line":32,"column":2},"end":{"line":32,"column":null}}]},"5":{"loc":{"start":{"line":33,"column":2},"end":{"line":33,"column":null}},"type":"if","locations":[{"start":{"line":33,"column":2},"end":{"line":33,"column":null}}]},"6":{"loc":{"start":{"line":34,"column":2},"end":{"line":34,"column":null}},"type":"if","locations":[{"start":{"line":34,"column":2},"end":{"line":34,"column":null}}]},"7":{"loc":{"start":{"line":44,"column":2},"end":{"line":44,"column":null}},"type":"if","locations":[{"start":{"line":44,"column":2},"end":{"line":44,"column":null}}]}},"s":{"0":0,"1":0,"2":0,"3":0,"4":0,"5":0,"6":0,"7":0,"8":0,"9":0,"10":0,"11":0,"12":0,"13":0,"14":0,"15":0,"16":0,"17":0,"18":0,"19":0,"20":0,"21":0,"22":0,"23":0,"24":0,"25":0,"26":0,"27":0,"28":0},"f":{"0":0,"1":0,"2":0,"3":0,"4":0,"5":0},"b":{"0":[0],"1":[0,0],"2":[0],"3":[0],"4":[0],"5":[0],"6":[0],"7":[0]}}
}
