TN:
SF:src\app\layout.tsx
FN:33,RootLayout
FNF:1
FNH:0
FNDA:0,RootLayout
DA:2,0
DA:3,0
DA:4,0
DA:5,0
DA:6,0
DA:7,0
DA:9,0
DA:11,0
DA:33,0
LF:9
LH:0
BRF:0
BRH:0
end_of_record
TN:
SF:src\app\page.tsx
FN:19,fetchHubStats
FN:25,fetchFeaturedAssociations
FN:31,fetchPopularCampaigns
FN:37,StatsSection
FN:48,(anonymous_5)
FN:124,FeaturedAssociationsSection
FN:138,(anonymous_7)
FN:182,(anonymous_8)
FN:187,(anonymous_9)
FN:205,PopularCampaignsSection
FN:219,(anonymous_11)
FN:263,(anonymous_12)
FN:268,(anonymous_13)
FN:286,HomePage
FN:290,(anonymous_15)
FN:294,(anonymous_16)
FNF:16
FNH:0
FNDA:0,fetchHubStats
FNDA:0,fetchFeaturedAssociations
FNDA:0,fetchPopularCampaigns
FNDA:0,StatsSection
FNDA:0,(anonymous_5)
FNDA:0,FeaturedAssociationsSection
FNDA:0,(anonymous_7)
FNDA:0,(anonymous_8)
FNDA:0,(anonymous_9)
FNDA:0,PopularCampaignsSection
FNDA:0,(anonymous_11)
FNDA:0,(anonymous_12)
FNDA:0,(anonymous_13)
FNDA:0,HomePage
FNDA:0,(anonymous_15)
FNDA:0,(anonymous_16)
DA:3,0
DA:4,0
DA:5,0
DA:6,0
DA:9,0
DA:10,0
DA:11,0
DA:12,0
DA:13,0
DA:20,0
DA:21,0
DA:22,0
DA:26,0
DA:27,0
DA:28,0
DA:32,0
DA:33,0
DA:34,0
DA:38,0
DA:43,0
DA:49,0
DA:59,0
DA:125,0
DA:130,0
DA:139,0
DA:149,0
DA:183,0
DA:188,0
DA:206,0
DA:211,0
DA:220,0
DA:230,0
DA:264,0
DA:269,0
DA:286,0
DA:291,0
DA:295,0
LF:37
LH:0
BRDA:21,0,0,0
BRDA:27,1,0,0
BRDA:33,2,0,0
BRDA:43,3,0,0
BRDA:59,4,0,0
BRDA:59,5,0,0
BRDA:59,5,1,0
BRDA:130,6,0,0
BRDA:149,7,0,0
BRDA:149,8,0,0
BRDA:149,8,1,0
BRDA:211,9,0,0
BRDA:230,10,0,0
BRDA:230,11,0,0
BRDA:230,11,1,0
BRF:15
BRH:0
end_of_record
TN:
SF:src\app\associations\page.tsx
FN:39,searchAssociations
FN:42,(anonymous_2)
FN:59,AssociationsPage
FN:74,(anonymous_4)
FN:78,(anonymous_5)
FN:79,(anonymous_6)
FN:86,(anonymous_7)
FN:87,(anonymous_8)
FN:95,(anonymous_9)
FN:96,(anonymous_10)
FN:105,(anonymous_11)
FN:199,(anonymous_12)
FN:215,(anonymous_13)
FN:251,(anonymous_14)
FN:256,(anonymous_15)
FNF:15
FNH:0
FNDA:0,searchAssociations
FNDA:0,(anonymous_2)
FNDA:0,AssociationsPage
FNDA:0,(anonymous_4)
FNDA:0,(anonymous_5)
FNDA:0,(anonymous_6)
FNDA:0,(anonymous_7)
FNDA:0,(anonymous_8)
FNDA:0,(anonymous_9)
FNDA:0,(anonymous_10)
FNDA:0,(anonymous_11)
FNDA:0,(anonymous_12)
FNDA:0,(anonymous_13)
FNDA:0,(anonymous_14)
FNDA:0,(anonymous_15)
DA:3,0
DA:5,0
DA:6,0
DA:7,0
DA:10,0
DA:11,0
DA:12,0
DA:13,0
DA:14,0
DA:15,0
DA:40,0
DA:42,0
DA:43,0
DA:44,0
DA:48,0
DA:52,0
DA:53,0
DA:56,0
DA:59,0
DA:60,0
DA:72,0
DA:74,0
DA:78,0
DA:79,0
DA:86,0
DA:87,0
DA:95,0
DA:96,0
DA:102,0
DA:105,0
DA:106,0
DA:200,0
DA:215,0
DA:252,0
DA:257,0
LF:35
LH:0
BRDA:43,0,0,0
BRDA:43,1,0,0
BRDA:43,1,1,0
BRDA:52,2,0,0
BRDA:91,3,0,0
BRDA:91,3,1,0
BRDA:172,4,0,0
BRDA:172,4,1,0
BRDA:188,5,0,0
BRDA:188,5,1,0
BRDA:189,6,0,0
BRDA:189,6,1,0
BRDA:190,7,0,0
BRDA:190,7,1,0
BRDA:197,8,0,0
BRDA:205,9,0,0
BRDA:223,10,0,0
BRDA:223,10,1,0
BRDA:223,10,2,0
BRDA:243,11,0,0
BRDA:243,11,1,0
BRDA:243,11,2,0
BRDA:265,12,0,0
BRF:23
BRH:0
end_of_record
TN:
SF:src\app\associations\[id]\page.tsx
FN:93,AssociationDetailPage
FN:101,(anonymous_3)
FN:103,(anonymous_4)
FN:109,(anonymous_5)
FN:123,(anonymous_6)
FN:248,(anonymous_7)
FN:253,(anonymous_8)
FN:291,(anonymous_9)
FN:320,(anonymous_10)
FN:329,(anonymous_11)
FN:362,(anonymous_12)
FNF:11
FNH:0
FNDA:0,AssociationDetailPage
FNDA:0,(anonymous_3)
FNDA:0,(anonymous_4)
FNDA:0,(anonymous_5)
FNDA:0,(anonymous_6)
FNDA:0,(anonymous_7)
FNDA:0,(anonymous_8)
FNDA:0,(anonymous_9)
FNDA:0,(anonymous_10)
FNDA:0,(anonymous_11)
FNDA:0,(anonymous_12)
DA:3,0
DA:4,0
DA:5,0
DA:23,0
DA:24,0
DA:25,0
DA:27,0
DA:28,0
DA:29,0
DA:30,0
DA:31,0
DA:32,0
DA:33,0
DA:34,0
DA:35,0
DA:37,0
DA:40,0
DA:93,0
DA:94,0
DA:95,0
DA:96,0
DA:97,0
DA:98,0
DA:99,0
DA:101,0
DA:103,0
DA:104,0
DA:105,0
DA:109,0
DA:110,0
DA:113,0
DA:124,0
DA:138,0
DA:152,0
DA:249,0
DA:250,0
DA:253,0
DA:291,0
DA:320,0
DA:330,0
DA:363,0
LF:41
LH:0
BRDA:113,0,0,0
BRDA:138,1,0,0
BRDA:152,2,0,0
BRDA:152,2,1,0
BRDA:183,3,0,0
BRDA:194,4,0,0
BRDA:223,5,0,0
BRDA:223,5,1,0
BRDA:224,6,0,0
BRDA:224,6,1,0
BRDA:255,7,0,0
BRDA:255,7,1,0
BRDA:275,8,0,0
BRDA:285,9,0,0
BRDA:285,9,1,0
BRDA:289,10,0,0
BRDA:295,11,0,0
BRDA:348,12,0,0
BRDA:367,13,0,0
BRDA:382,14,0,0
BRDA:400,15,0,0
BRF:21
BRH:0
end_of_record
TN:
SF:src\app\campaigns\[id]\page.tsx
FN:118,CampaignDetailPage
FN:127,(anonymous_3)
FN:129,(anonymous_4)
FN:135,(anonymous_5)
FN:139,(anonymous_6)
FN:155,(anonymous_7)
FN:311,(anonymous_8)
FN:316,(anonymous_9)
FN:363,(anonymous_10)
FN:384,(anonymous_11)
FN:418,(anonymous_12)
FN:423,(anonymous_13)
FN:439,(anonymous_14)
FN:451,(anonymous_15)
FNF:14
FNH:0
FNDA:0,CampaignDetailPage
FNDA:0,(anonymous_3)
FNDA:0,(anonymous_4)
FNDA:0,(anonymous_5)
FNDA:0,(anonymous_6)
FNDA:0,(anonymous_7)
FNDA:0,(anonymous_8)
FNDA:0,(anonymous_9)
FNDA:0,(anonymous_10)
FNDA:0,(anonymous_11)
FNDA:0,(anonymous_12)
FNDA:0,(anonymous_13)
FNDA:0,(anonymous_14)
FNDA:0,(anonymous_15)
DA:3,0
DA:4,0
DA:5,0
DA:16,0
DA:17,0
DA:18,0
DA:20,0
DA:21,0
DA:22,0
DA:23,0
DA:46,0
DA:118,0
DA:119,0
DA:120,0
DA:121,0
DA:122,0
DA:123,0
DA:124,0
DA:125,0
DA:127,0
DA:129,0
DA:130,0
DA:131,0
DA:135,0
DA:136,0
DA:139,0
DA:140,0
DA:141,0
DA:142,0
DA:148,0
DA:151,0
DA:155,0
DA:157,0
DA:160,0
DA:177,0
DA:190,0
DA:191,0
DA:193,0
DA:312,0
DA:313,0
DA:316,0
DA:364,0
DA:385,0
DA:419,0
DA:424,0
DA:425,0
DA:440,0
DA:441,0
DA:452,0
DA:453,0
LF:50
LH:0
BRDA:140,0,0,0
BRDA:140,0,1,0
BRDA:160,1,0,0
BRDA:177,2,0,0
BRDA:218,3,0,0
BRDA:218,3,1,0
BRDA:248,4,0,0
BRDA:248,4,1,0
BRDA:266,5,0,0
BRDA:318,6,0,0
BRDA:318,6,1,0
BRDA:337,7,0,0
BRDA:358,8,0,0
BRDA:379,9,0,0
BRDA:394,10,0,0
BRDA:421,11,0,0
BRDA:421,11,1,0
BRDA:452,12,0,0
BRDA:452,12,1,0
BRDA:453,13,0,0
BRDA:455,14,0,0
BRDA:455,14,1,0
BRDA:477,15,0,0
BRF:23
BRH:0
end_of_record
TN:
SF:src\app\search\page.tsx
FN:107,SearchPageContent
FN:135,(anonymous_2)
FN:148,(anonymous_3)
FN:152,(anonymous_4)
FN:158,(anonymous_5)
FN:163,(anonymous_6)
FN:178,(anonymous_7)
FN:185,(anonymous_8)
FN:192,(anonymous_9)
FN:204,(anonymous_10)
FN:208,(anonymous_11)
FN:212,(anonymous_12)
FN:257,(anonymous_13)
FN:273,(anonymous_14)
FN:280,(anonymous_15)
FN:294,(anonymous_16)
FN:313,(anonymous_17)
FN:325,(anonymous_18)
FN:369,(anonymous_19)
FN:372,(anonymous_20)
FN:384,(anonymous_21)
FN:392,(anonymous_22)
FN:414,(anonymous_23)
FN:438,(anonymous_24)
FN:446,(anonymous_25)
FN:458,(anonymous_26)
FN:477,SearchPage
FNF:27
FNH:0
FNDA:0,SearchPageContent
FNDA:0,(anonymous_2)
FNDA:0,(anonymous_3)
FNDA:0,(anonymous_4)
FNDA:0,(anonymous_5)
FNDA:0,(anonymous_6)
FNDA:0,(anonymous_7)
FNDA:0,(anonymous_8)
FNDA:0,(anonymous_9)
FNDA:0,(anonymous_10)
FNDA:0,(anonymous_11)
FNDA:0,(anonymous_12)
FNDA:0,(anonymous_13)
FNDA:0,(anonymous_14)
FNDA:0,(anonymous_15)
FNDA:0,(anonymous_16)
FNDA:0,(anonymous_17)
FNDA:0,(anonymous_18)
FNDA:0,(anonymous_19)
FNDA:0,(anonymous_20)
FNDA:0,(anonymous_21)
FNDA:0,(anonymous_22)
FNDA:0,(anonymous_23)
FNDA:0,(anonymous_24)
FNDA:0,(anonymous_25)
FNDA:0,(anonymous_26)
FNDA:0,SearchPage
DA:3,0
DA:4,0
DA:5,0
DA:18,0
DA:20,0
DA:21,0
DA:22,0
DA:23,0
DA:24,0
DA:26,0
DA:27,0
DA:29,0
DA:32,0
DA:65,0
DA:108,0
DA:109,0
DA:121,0
DA:131,0
DA:132,0
DA:135,0
DA:136,0
DA:137,0
DA:139,0
DA:140,0
DA:148,0
DA:149,0
DA:152,0
DA:153,0
DA:154,0
DA:157,0
DA:158,0
DA:159,0
DA:163,0
DA:164,0
DA:170,0
DA:171,0
DA:172,0
DA:173,0
DA:177,0
DA:178,0
DA:179,0
DA:184,0
DA:185,0
DA:186,0
DA:191,0
DA:192,0
DA:195,0
DA:200,0
DA:204,0
DA:205,0
DA:208,0
DA:209,0
DA:212,0
DA:213,0
DA:216,0
DA:220,0
DA:257,0
DA:274,0
DA:280,0
DA:294,0
DA:313,0
DA:325,0
DA:369,0
DA:373,0
DA:384,0
DA:392,0
DA:415,0
DA:438,0
DA:447,0
DA:459,0
DA:477,0
LF:71
LH:0
BRDA:136,0,0,0
BRDA:136,0,1,0
BRDA:137,1,0,0
BRDA:137,1,1,0
BRDA:139,2,0,0
BRDA:139,3,0,0
BRDA:139,3,1,0
BRDA:157,4,0,0
BRDA:159,5,0,0
BRDA:159,5,1,0
BRDA:159,5,2,0
BRDA:164,6,0,0
BRDA:164,6,1,0
BRDA:170,7,0,0
BRDA:170,7,1,0
BRDA:172,8,0,0
BRDA:177,9,0,0
BRDA:184,10,0,0
BRDA:191,11,0,0
BRDA:264,12,0,0
BRDA:264,12,1,0
BRDA:293,13,0,0
BRDA:293,13,1,0
BRDA:294,14,0,0
BRDA:294,14,1,0
BRDA:312,15,0,0
BRDA:312,15,1,0
BRDA:313,16,0,0
BRDA:313,16,1,0
BRDA:326,17,0,0
BRDA:326,17,1,0
BRDA:344,18,0,0
BRDA:347,19,0,0
BRDA:347,19,1,0
BRDA:348,20,0,0
BRDA:348,20,1,0
BRDA:353,21,0,0
BRDA:382,22,0,0
BRDA:382,22,1,0
BRDA:390,23,0,0
BRDA:390,23,1,0
BRDA:413,24,0,0
BRDA:428,25,0,0
BRDA:444,26,0,0
BRDA:444,26,1,0
BRF:45
BRH:0
end_of_record
TN:
SF:src\components\hub\association-card.tsx
FN:15,AssociationCard
FN:16,(anonymous_2)
FN:108,(anonymous_3)
FNF:3
FNH:0
FNDA:0,AssociationCard
FNDA:0,(anonymous_2)
FNDA:0,(anonymous_3)
DA:1,0
DA:2,0
DA:3,0
DA:4,0
DA:5,0
DA:7,0
DA:15,0
DA:16,0
DA:17,0
DA:109,0
DA:110,0
LF:11
LH:0
BRDA:15,0,0,0
BRDA:36,1,0,0
BRDA:52,2,0,0
BRDA:67,3,0,0
BRDA:89,4,0,0
BRDA:89,4,1,0
BRDA:89,5,0,0
BRDA:89,5,1,0
BRF:8
BRH:0
end_of_record
TN:
SF:src\components\hub\campaign-card.tsx
FN:35,CampaignCard
FN:43,(anonymous_2)
FN:129,(anonymous_3)
FN:141,(anonymous_4)
FNF:4
FNH:0
FNDA:0,CampaignCard
FNDA:0,(anonymous_2)
FNDA:0,(anonymous_3)
FNDA:0,(anonymous_4)
DA:1,0
DA:2,0
DA:3,0
DA:4,0
DA:5,0
DA:6,0
DA:8,0
DA:19,0
DA:27,0
DA:35,0
DA:36,0
DA:37,0
DA:38,0
DA:39,0
DA:40,0
DA:41,0
DA:43,0
DA:44,0
DA:130,0
DA:131,0
DA:142,0
DA:143,0
LF:22
LH:0
BRDA:35,0,0,0
BRDA:36,1,0,0
BRDA:36,1,1,0
BRDA:37,2,0,0
BRDA:37,2,1,0
BRDA:37,2,2,0
BRDA:65,3,0,0
BRDA:109,4,0,0
BRDA:109,4,1,0
BRDA:113,5,0,0
BRDA:113,5,1,0
BRDA:126,6,0,0
BRDA:125,7,0,0
BRDA:125,7,1,0
BRF:14
BRH:0
end_of_record
TN:
SF:src\components\hub\comment-system.tsx
FN:50,CommentSystem
FN:67,(anonymous_3)
FN:69,(anonymous_4)
FN:72,(anonymous_5)
FN:80,(anonymous_6)
FN:98,(anonymous_7)
FN:105,(anonymous_8)
FN:121,(anonymous_9)
FN:122,(anonymous_10)
FN:133,(anonymous_11)
FN:134,(anonymous_12)
FN:135,(anonymous_13)
FN:148,(anonymous_14)
FN:149,(anonymous_15)
FN:150,(anonymous_16)
FN:160,(anonymous_17)
FN:161,(anonymous_18)
FN:161,(anonymous_19)
FN:164,(anonymous_20)
FN:190,(anonymous_21)
FN:206,(anonymous_22)
FN:231,(anonymous_23)
FN:256,(anonymous_24)
FN:261,(anonymous_25)
FN:262,(anonymous_26)
FN:263,(anonymous_27)
FN:264,(anonymous_28)
FN:268,(anonymous_29)
FN:269,(anonymous_30)
FN:292,CommentItem
FN:311,(anonymous_32)
FN:365,(anonymous_33)
FN:373,(anonymous_34)
FN:411,(anonymous_35)
FN:426,(anonymous_36)
FN:436,(anonymous_37)
FN:468,(anonymous_38)
FN:488,(anonymous_39)
FNF:38
FNH:0
FNDA:0,CommentSystem
FNDA:0,(anonymous_3)
FNDA:0,(anonymous_4)
FNDA:0,(anonymous_5)
FNDA:0,(anonymous_6)
FNDA:0,(anonymous_7)
FNDA:0,(anonymous_8)
FNDA:0,(anonymous_9)
FNDA:0,(anonymous_10)
FNDA:0,(anonymous_11)
FNDA:0,(anonymous_12)
FNDA:0,(anonymous_13)
FNDA:0,(anonymous_14)
FNDA:0,(anonymous_15)
FNDA:0,(anonymous_16)
FNDA:0,(anonymous_17)
FNDA:0,(anonymous_18)
FNDA:0,(anonymous_19)
FNDA:0,(anonymous_20)
FNDA:0,(anonymous_21)
FNDA:0,(anonymous_22)
FNDA:0,(anonymous_23)
FNDA:0,(anonymous_24)
FNDA:0,(anonymous_25)
FNDA:0,(anonymous_26)
FNDA:0,(anonymous_27)
FNDA:0,(anonymous_28)
FNDA:0,(anonymous_29)
FNDA:0,(anonymous_30)
FNDA:0,CommentItem
FNDA:0,(anonymous_32)
FNDA:0,(anonymous_33)
FNDA:0,(anonymous_34)
FNDA:0,(anonymous_35)
FNDA:0,(anonymous_36)
FNDA:0,(anonymous_37)
FNDA:0,(anonymous_38)
FNDA:0,(anonymous_39)
DA:3,0
DA:4,0
DA:16,0
DA:17,0
DA:19,0
DA:20,0
DA:21,0
DA:22,0
DA:50,0
DA:58,0
DA:59,0
DA:60,0
DA:61,0
DA:62,0
DA:63,0
DA:64,0
DA:65,0
DA:67,0
DA:69,0
DA:70,0
DA:72,0
DA:73,0
DA:74,0
DA:77,0
DA:80,0
DA:81,0
DA:83,0
DA:98,0
DA:99,0
DA:102,0
DA:105,0
DA:106,0
DA:108,0
DA:121,0
DA:122,0
DA:123,0
DA:129,0
DA:130,0
DA:133,0
DA:134,0
DA:135,0
DA:136,0
DA:137,0
DA:143,0
DA:148,0
DA:149,0
DA:150,0
DA:151,0
DA:156,0
DA:157,0
DA:160,0
DA:161,0
DA:164,0
DA:165,0
DA:167,0
DA:169,0
DA:172,0
DA:190,0
DA:206,0
DA:232,0
DA:257,0
DA:261,0
DA:262,0
DA:263,0
DA:264,0
DA:268,0
DA:269,0
DA:305,0
DA:306,0
DA:307,0
DA:309,0
DA:311,0
DA:312,0
DA:313,0
DA:365,0
DA:373,0
DA:411,0
DA:427,0
DA:428,0
DA:437,0
DA:438,0
DA:468,0
DA:489,0
DA:526,0
LF:84
LH:0
BRDA:53,0,0,0
BRDA:54,1,0,0
BRDA:56,2,0,0
BRDA:81,3,0,0
BRDA:86,4,0,0
BRDA:86,4,1,0
BRDA:106,5,0,0
BRDA:111,6,0,0
BRDA:111,6,1,0
BRDA:123,7,0,0
BRDA:123,7,1,0
BRDA:124,8,0,0
BRDA:124,8,1,0
BRDA:136,9,0,0
BRDA:140,10,0,0
BRDA:140,10,1,0
BRDA:151,11,0,0
BRDA:151,11,1,0
BRDA:165,12,0,0
BRDA:165,12,1,0
BRDA:165,12,2,0
BRDA:165,12,3,0
BRDA:187,13,0,0
BRDA:201,14,0,0
BRDA:230,15,0,0
BRDA:245,16,0,0
BRDA:327,17,0,0
BRDA:347,18,0,0
BRDA:355,19,0,0
BRDA:362,20,0,0
BRDA:389,21,0,0
BRDA:389,21,1,0
BRDA:395,22,0,0
BRDA:395,22,1,0
BRDA:397,23,0,0
BRDA:397,23,1,0
BRDA:408,24,0,0
BRDA:418,25,0,0
BRDA:459,26,0,0
BRDA:486,27,0,0
BRDA:486,27,1,0
BRDA:492,28,0,0
BRF:42
BRH:0
end_of_record
TN:
SF:src\components\hub\donation-widget.tsx
FN:23,DonationWidget
FN:49,(anonymous_4)
FN:54,(anonymous_5)
FN:59,(anonymous_6)
FN:63,(anonymous_7)
FN:69,(anonymous_8)
FN:73,(anonymous_9)
FN:93,(anonymous_10)
FN:98,(anonymous_11)
FN:158,(anonymous_12)
FN:163,(anonymous_13)
FN:184,(anonymous_14)
FN:233,(anonymous_15)
FN:233,(anonymous_16)
FN:245,(anonymous_17)
FN:245,(anonymous_18)
FN:252,(anonymous_19)
FN:252,(anonymous_20)
FN:261,(anonymous_21)
FN:261,(anonymous_22)
FN:268,(anonymous_23)
FN:326,(anonymous_24)
FN:337,QuickDonateButton
FN:348,(anonymous_26)
FNF:24
FNH:0
FNDA:0,DonationWidget
FNDA:0,(anonymous_4)
FNDA:0,(anonymous_5)
FNDA:0,(anonymous_6)
FNDA:0,(anonymous_7)
FNDA:0,(anonymous_8)
FNDA:0,(anonymous_9)
FNDA:0,(anonymous_10)
FNDA:0,(anonymous_11)
FNDA:0,(anonymous_12)
FNDA:0,(anonymous_13)
FNDA:0,(anonymous_14)
FNDA:0,(anonymous_15)
FNDA:0,(anonymous_16)
FNDA:0,(anonymous_17)
FNDA:0,(anonymous_18)
FNDA:0,(anonymous_19)
FNDA:0,(anonymous_20)
FNDA:0,(anonymous_21)
FNDA:0,(anonymous_22)
FNDA:0,(anonymous_23)
FNDA:0,(anonymous_24)
FNDA:0,QuickDonateButton
FNDA:0,(anonymous_26)
DA:3,0
DA:4,0
DA:5,0
DA:6,0
DA:7,0
DA:8,0
DA:23,0
DA:35,0
DA:36,0
DA:37,0
DA:43,0
DA:45,0
DA:49,0
DA:50,0
DA:51,0
DA:54,0
DA:55,0
DA:56,0
DA:59,0
DA:60,0
DA:63,0
DA:64,0
DA:65,0
DA:69,0
DA:70,0
DA:73,0
DA:75,0
DA:84,0
DA:94,0
DA:98,0
DA:159,0
DA:163,0
DA:184,0
DA:233,0
DA:245,0
DA:252,0
DA:261,0
DA:268,0
DA:326,0
DA:337,0
DA:348,0
DA:350,0
LF:42
LH:0
BRDA:27,0,0,0
BRDA:28,1,0,0
BRDA:29,2,0,0
BRDA:30,3,0,0
BRDA:31,4,0,0
BRDA:45,5,0,0
BRDA:45,5,1,0
BRDA:45,6,0,0
BRDA:45,6,1,0
BRDA:45,6,2,0
BRDA:60,7,0,0
BRDA:60,7,1,0
BRDA:60,7,2,0
BRDA:64,8,0,0
BRDA:84,9,0,0
BRDA:96,10,0,0
BRDA:96,10,1,0
BRDA:115,11,0,0
BRDA:125,12,0,0
BRDA:125,12,1,0
BRDA:125,12,2,0
BRDA:151,13,0,0
BRDA:165,14,0,0
BRDA:165,14,1,0
BRDA:171,15,0,0
BRDA:192,16,0,0
BRDA:220,17,0,0
BRDA:239,18,0,0
BRDA:278,19,0,0
BRDA:291,20,0,0
BRDA:291,20,1,0
BRDA:296,21,0,0
BRDA:340,22,0,0
BRDA:341,23,0,0
BRF:34
BRH:0
end_of_record
TN:
SF:src\components\hub\filter-panel.tsx
FN:31,FilterPanel
FN:78,(anonymous_2)
FN:84,(anonymous_3)
FN:99,(anonymous_4)
FN:149,(anonymous_5)
FN:169,(anonymous_6)
FN:171,(anonymous_7)
FN:184,(anonymous_8)
FN:186,(anonymous_9)
FN:205,(anonymous_10)
FN:241,(anonymous_11)
FN:248,(anonymous_12)
FN:268,(anonymous_13)
FN:282,(anonymous_14)
FN:294,(anonymous_15)
FN:331,(anonymous_16)
FN:341,(anonymous_17)
FN:351,(anonymous_18)
FN:361,(anonymous_19)
FNF:19
FNH:0
FNDA:0,FilterPanel
FNDA:0,(anonymous_2)
FNDA:0,(anonymous_3)
FNDA:0,(anonymous_4)
FNDA:0,(anonymous_5)
FNDA:0,(anonymous_6)
FNDA:0,(anonymous_7)
FNDA:0,(anonymous_8)
FNDA:0,(anonymous_9)
FNDA:0,(anonymous_10)
FNDA:0,(anonymous_11)
FNDA:0,(anonymous_12)
FNDA:0,(anonymous_13)
FNDA:0,(anonymous_14)
FNDA:0,(anonymous_15)
FNDA:0,(anonymous_16)
FNDA:0,(anonymous_17)
FNDA:0,(anonymous_18)
FNDA:0,(anonymous_19)
DA:3,0
DA:4,0
DA:5,0
DA:6,0
DA:7,0
DA:8,0
DA:9,0
DA:10,0
DA:31,0
DA:38,0
DA:41,0
DA:53,0
DA:65,0
DA:78,0
DA:79,0
DA:80,0
DA:81,0
DA:84,0
DA:85,0
DA:95,0
DA:96,0
DA:99,0
DA:100,0
DA:101,0
DA:102,0
DA:103,0
DA:104,0
DA:105,0
DA:106,0
DA:107,0
DA:108,0
DA:109,0
DA:112,0
DA:149,0
DA:169,0
DA:172,0
DA:184,0
DA:187,0
DA:206,0
DA:207,0
DA:208,0
DA:209,0
DA:241,0
DA:248,0
DA:269,0
DA:282,0
DA:294,0
DA:331,0
DA:341,0
DA:351,0
DA:361,0
LF:51
LH:0
BRDA:33,0,0,0
BRDA:34,1,0,0
BRDA:35,2,0,0
BRDA:36,3,0,0
BRDA:101,4,0,0
BRDA:101,5,0,0
BRDA:101,5,1,0
BRDA:102,6,0,0
BRDA:102,7,0,0
BRDA:102,7,1,0
BRDA:103,8,0,0
BRDA:104,9,0,0
BRDA:105,10,0,0
BRDA:106,11,0,0
BRDA:107,12,0,0
BRDA:108,13,0,0
BRDA:121,14,0,0
BRDA:126,15,0,0
BRDA:128,16,0,0
BRDA:128,16,1,0
BRDA:134,17,0,0
BRDA:153,18,0,0
BRDA:153,18,1,0
BRDA:169,19,0,0
BRDA:169,19,1,0
BRDA:170,20,0,0
BRDA:170,20,1,0
BRDA:184,21,0,0
BRDA:184,21,1,0
BRDA:185,22,0,0
BRDA:185,22,1,0
BRDA:204,23,0,0
BRDA:204,23,1,0
BRDA:204,24,0,0
BRDA:204,24,1,0
BRDA:207,25,0,0
BRDA:207,25,1,0
BRDA:208,26,0,0
BRDA:208,26,1,0
BRDA:218,27,0,0
BRDA:240,28,0,0
BRDA:240,28,1,0
BRDA:241,29,0,0
BRDA:241,29,1,0
BRDA:247,30,0,0
BRDA:247,30,1,0
BRDA:248,31,0,0
BRDA:248,31,1,0
BRDA:267,32,0,0
BRDA:267,32,1,0
BRDA:269,33,0,0
BRDA:269,33,1,0
BRDA:281,34,0,0
BRDA:281,34,1,0
BRDA:282,35,0,0
BRDA:282,35,1,0
BRDA:293,36,0,0
BRDA:293,36,1,0
BRDA:294,37,0,0
BRDA:294,37,1,0
BRDA:303,38,0,0
BRDA:303,38,1,0
BRDA:303,39,0,0
BRDA:303,39,1,0
BRDA:303,40,0,0
BRDA:303,40,1,0
BRDA:323,41,0,0
BRDA:326,42,0,0
BRDA:326,42,1,0
BRDA:336,43,0,0
BRDA:336,43,1,0
BRDA:346,44,0,0
BRDA:348,45,0,0
BRDA:348,45,1,0
BRDA:356,46,0,0
BRF:75
BRH:0
end_of_record
TN:
SF:src\components\hub\hero-section.tsx
FN:10,HeroSection
FNF:1
FNH:0
FNDA:0,HeroSection
DA:1,0
DA:2,0
DA:3,0
DA:10,0
LF:4
LH:0
BRF:0
BRH:0
end_of_record
TN:
SF:src\components\hub\impact-metrics.tsx
FN:71,ImpactMetrics
FN:85,(anonymous_2)
FN:88,(anonymous_3)
FN:91,(anonymous_4)
FN:103,(anonymous_5)
FN:107,(anonymous_6)
FN:171,(anonymous_7)
FN:191,(anonymous_8)
FN:220,(anonymous_9)
FN:227,(anonymous_10)
FN:302,(anonymous_11)
FN:337,(anonymous_12)
FN:338,(anonymous_13)
FNF:13
FNH:0
FNDA:0,ImpactMetrics
FNDA:0,(anonymous_2)
FNDA:0,(anonymous_3)
FNDA:0,(anonymous_4)
FNDA:0,(anonymous_5)
FNDA:0,(anonymous_6)
FNDA:0,(anonymous_7)
FNDA:0,(anonymous_8)
FNDA:0,(anonymous_9)
FNDA:0,(anonymous_10)
FNDA:0,(anonymous_11)
FNDA:0,(anonymous_12)
FNDA:0,(anonymous_13)
DA:3,0
DA:4,0
DA:16,0
DA:18,0
DA:19,0
DA:20,0
DA:21,0
DA:71,0
DA:81,0
DA:82,0
DA:83,0
DA:85,0
DA:86,0
DA:88,0
DA:89,0
DA:91,0
DA:92,0
DA:93,0
DA:96,0
DA:100,0
DA:104,0
DA:108,0
DA:120,0
DA:121,0
DA:124,0
DA:163,0
DA:172,0
DA:173,0
DA:188,0
DA:192,0
DA:193,0
DA:221,0
DA:222,0
DA:227,0
DA:303,0
DA:304,0
DA:338,0
DA:339,0
DA:340,0
DA:341,0
DA:342,0
DA:343,0
DA:347,0
DA:349,0
DA:414,0
LF:45
LH:0
BRDA:75,0,0,0
BRDA:76,1,0,0
BRDA:77,2,0,0
BRDA:78,3,0,0
BRDA:79,4,0,0
BRDA:81,5,0,0
BRDA:81,5,1,0
BRDA:86,6,0,0
BRDA:100,7,0,0
BRDA:120,8,0,0
BRDA:163,9,0,0
BRDA:188,10,0,0
BRDA:198,11,0,0
BRDA:198,11,1,0
BRDA:199,12,0,0
BRDA:199,12,1,0
BRDA:200,13,0,0
BRDA:200,13,1,0
BRDA:227,14,0,0
BRDA:227,14,1,0
BRDA:230,15,0,0
BRDA:230,15,1,0
BRDA:234,16,0,0
BRDA:234,16,1,0
BRDA:236,17,0,0
BRDA:236,17,1,0
BRDA:237,18,0,0
BRDA:237,18,1,0
BRDA:239,19,0,0
BRDA:239,19,1,0
BRDA:294,20,0,0
BRDA:294,20,1,0
BRDA:317,21,0,0
BRDA:329,22,0,0
BRDA:329,22,1,0
BRDA:339,23,0,0
BRDA:339,23,1,0
BRDA:339,23,2,0
BRDA:339,23,3,0
BRF:39
BRH:0
end_of_record
TN:
SF:src\components\hub\media-gallery.tsx
FN:22,MediaGallery
FN:26,(anonymous_5)
FN:31,(anonymous_6)
FN:36,(anonymous_7)
FN:58,(anonymous_8)
FN:64,(anonymous_9)
FN:113,(anonymous_10)
FN:128,(anonymous_11)
FN:145,(anonymous_12)
FN:166,(anonymous_13)
FN:172,(anonymous_14)
FN:188,MediaGalleryPreview
FN:194,(anonymous_16)
FNF:13
FNH:0
FNDA:0,MediaGallery
FNDA:0,(anonymous_5)
FNDA:0,(anonymous_6)
FNDA:0,(anonymous_7)
FNDA:0,(anonymous_8)
FNDA:0,(anonymous_9)
FNDA:0,(anonymous_10)
FNDA:0,(anonymous_11)
FNDA:0,(anonymous_12)
FNDA:0,(anonymous_13)
FNDA:0,(anonymous_14)
FNDA:0,MediaGalleryPreview
FNDA:0,(anonymous_16)
DA:3,0
DA:4,0
DA:5,0
DA:6,0
DA:7,0
DA:22,0
DA:23,0
DA:24,0
DA:26,0
DA:27,0
DA:28,0
DA:31,0
DA:32,0
DA:33,0
DA:36,0
DA:37,0
DA:39,0
DA:40,0
DA:42,0
DA:46,0
DA:59,0
DA:64,0
DA:114,0
DA:115,0
DA:129,0
DA:130,0
DA:145,0
DA:167,0
DA:173,0
DA:174,0
DA:188,0
DA:189,0
DA:190,0
DA:195,0
LF:34
LH:0
BRDA:22,0,0,0
BRDA:37,1,0,0
BRDA:39,2,0,0
BRDA:39,2,1,0
BRDA:40,3,0,0
BRDA:40,3,1,0
BRDA:42,4,0,0
BRDA:42,4,1,0
BRDA:46,5,0,0
BRDA:78,6,0,0
BRDA:89,7,0,0
BRDA:89,7,1,0
BRDA:108,8,0,0
BRDA:123,9,0,0
BRDA:156,10,0,0
BRDA:164,11,0,0
BRDA:170,12,0,0
BRDA:170,12,1,0
BRDA:188,13,0,0
BRDA:202,14,0,0
BRDA:202,14,1,0
BRF:21
BRH:0
end_of_record
TN:
SF:src\components\hub\related-content.tsx
FN:26,formatCurrency
FN:33,formatDistanceToNow
FN:80,RelatedContent
FN:94,(anonymous_5)
FN:95,(anonymous_6)
FN:99,(anonymous_7)
FN:106,(anonymous_8)
FN:110,(anonymous_9)
FN:115,(anonymous_10)
FN:118,(anonymous_11)
FN:123,(anonymous_12)
FN:127,(anonymous_13)
FN:131,(anonymous_14)
FN:143,(anonymous_15)
FN:146,(anonymous_16)
FN:153,(anonymous_17)
FN:180,(anonymous_18)
FN:209,(anonymous_19)
FN:213,(anonymous_20)
FN:218,(anonymous_21)
FN:235,(anonymous_22)
FN:273,RelatedItemCard
FN:318,(anonymous_24)
FN:389,(anonymous_25)
FNF:24
FNH:0
FNDA:0,formatCurrency
FNDA:0,formatDistanceToNow
FNDA:0,RelatedContent
FNDA:0,(anonymous_5)
FNDA:0,(anonymous_6)
FNDA:0,(anonymous_7)
FNDA:0,(anonymous_8)
FNDA:0,(anonymous_9)
FNDA:0,(anonymous_10)
FNDA:0,(anonymous_11)
FNDA:0,(anonymous_12)
FNDA:0,(anonymous_13)
FNDA:0,(anonymous_14)
FNDA:0,(anonymous_15)
FNDA:0,(anonymous_16)
FNDA:0,(anonymous_17)
FNDA:0,(anonymous_18)
FNDA:0,(anonymous_19)
FNDA:0,(anonymous_20)
FNDA:0,(anonymous_21)
FNDA:0,(anonymous_22)
FNDA:0,RelatedItemCard
FNDA:0,(anonymous_24)
FNDA:0,(anonymous_25)
DA:3,0
DA:4,0
DA:15,0
DA:16,0
DA:17,0
DA:19,0
DA:20,0
DA:21,0
DA:22,0
DA:27,0
DA:34,0
DA:35,0
DA:36,0
DA:38,0
DA:39,0
DA:40,0
DA:41,0
DA:42,0
DA:43,0
DA:80,0
DA:90,0
DA:91,0
DA:92,0
DA:94,0
DA:95,0
DA:96,0
DA:99,0
DA:102,0
DA:105,0
DA:106,0
DA:110,0
DA:113,0
DA:115,0
DA:116,0
DA:118,0
DA:119,0
DA:122,0
DA:123,0
DA:124,0
DA:127,0
DA:128,0
DA:131,0
DA:132,0
DA:135,0
DA:136,0
DA:139,0
DA:142,0
DA:143,0
DA:146,0
DA:148,0
DA:154,0
DA:166,0
DA:180,0
DA:181,0
DA:182,0
DA:183,0
DA:184,0
DA:186,0
DA:209,0
DA:214,0
DA:218,0
DA:236,0
DA:274,0
DA:276,0
DA:278,0
DA:318,0
DA:390,0
DA:391,0
DA:461,0
LF:69
LH:0
BRDA:26,0,0,0
BRDA:38,1,0,0
BRDA:39,2,0,0
BRDA:40,3,0,0
BRDA:41,4,0,0
BRDA:42,5,0,0
BRDA:84,6,0,0
BRDA:85,7,0,0
BRDA:86,8,0,0
BRDA:87,9,0,0
BRDA:88,10,0,0
BRDA:105,11,0,0
BRDA:113,12,0,0
BRDA:113,12,1,0
BRDA:113,12,2,0
BRDA:113,12,3,0
BRDA:113,12,4,0
BRDA:122,13,0,0
BRDA:122,14,0,0
BRDA:122,14,1,0
BRDA:124,15,0,0
BRDA:124,15,1,0
BRDA:142,16,0,0
BRDA:142,16,1,0
BRDA:148,17,0,0
BRDA:152,18,0,0
BRDA:152,18,1,0
BRDA:166,19,0,0
BRDA:174,20,0,0
BRDA:174,20,1,0
BRDA:181,21,0,0
BRDA:181,21,1,0
BRDA:181,21,2,0
BRDA:181,21,3,0
BRDA:181,21,4,0
BRDA:184,22,0,0
BRDA:184,22,1,0
BRDA:200,23,0,0
BRDA:200,23,1,0
BRDA:204,24,0,0
BRDA:207,25,0,0
BRDA:207,25,1,0
BRDA:216,26,0,0
BRDA:216,26,1,0
BRDA:229,27,0,0
BRDA:229,27,1,0
BRDA:231,28,0,0
BRDA:231,28,1,0
BRDA:252,29,0,0
BRDA:255,30,0,0
BRDA:255,30,1,0
BRDA:255,31,0,0
BRDA:255,31,1,0
BRDA:276,32,0,0
BRDA:276,32,1,0
BRDA:278,33,0,0
BRDA:302,34,0,0
BRDA:302,34,1,0
BRDA:307,35,0,0
BRDA:321,36,0,0
BRDA:321,36,1,0
BRDA:348,37,0,0
BRDA:348,37,1,0
BRDA:376,38,0,0
BRDA:376,38,1,0
BRDA:381,39,0,0
BRDA:395,40,0,0
BRDA:395,40,1,0
BRDA:416,41,0,0
BRDA:416,41,1,0
BRF:70
BRH:0
end_of_record
TN:
SF:src\components\hub\search-bar.tsx
FN:27,SearchBar
FN:54,(anonymous_2)
FN:65,(anonymous_3)
FN:78,(anonymous_4)
FN:84,(anonymous_5)
FN:99,(anonymous_6)
FN:106,(anonymous_7)
FN:114,(anonymous_8)
FN:116,(anonymous_9)
FN:117,(anonymous_10)
FN:128,(anonymous_11)
FN:133,(anonymous_12)
FN:141,(anonymous_13)
FN:157,(anonymous_14)
FN:163,(anonymous_15)
FN:168,(anonymous_16)
FN:175,(anonymous_17)
FN:180,(anonymous_18)
FN:181,(anonymous_19)
FN:193,(anonymous_20)
FN:197,(anonymous_21)
FN:202,(anonymous_22)
FN:216,(anonymous_23)
FN:233,(anonymous_24)
FN:273,(anonymous_25)
FN:303,(anonymous_26)
FN:306,(anonymous_27)
FN:329,(anonymous_28)
FN:334,(anonymous_29)
FNF:29
FNH:0
FNDA:0,SearchBar
FNDA:0,(anonymous_2)
FNDA:0,(anonymous_3)
FNDA:0,(anonymous_4)
FNDA:0,(anonymous_5)
FNDA:0,(anonymous_6)
FNDA:0,(anonymous_7)
FNDA:0,(anonymous_8)
FNDA:0,(anonymous_9)
FNDA:0,(anonymous_10)
FNDA:0,(anonymous_11)
FNDA:0,(anonymous_12)
FNDA:0,(anonymous_13)
FNDA:0,(anonymous_14)
FNDA:0,(anonymous_15)
FNDA:0,(anonymous_16)
FNDA:0,(anonymous_17)
FNDA:0,(anonymous_18)
FNDA:0,(anonymous_19)
FNDA:0,(anonymous_20)
FNDA:0,(anonymous_21)
FNDA:0,(anonymous_22)
FNDA:0,(anonymous_23)
FNDA:0,(anonymous_24)
FNDA:0,(anonymous_25)
FNDA:0,(anonymous_26)
FNDA:0,(anonymous_27)
FNDA:0,(anonymous_28)
FNDA:0,(anonymous_29)
DA:3,0
DA:4,0
DA:5,0
DA:6,0
DA:7,0
DA:8,0
DA:9,0
DA:10,0
DA:27,0
DA:41,0
DA:42,0
DA:43,0
DA:44,0
DA:45,0
DA:46,0
DA:48,0
DA:49,0
DA:51,0
DA:54,0
DA:55,0
DA:56,0
DA:58,0
DA:65,0
DA:66,0
DA:67,0
DA:68,0
DA:69,0
DA:70,0
DA:72,0
DA:74,0
DA:78,0
DA:79,0
DA:80,0
DA:81,0
DA:84,0
DA:85,0
DA:86,0
DA:88,0
DA:91,0
DA:92,0
DA:95,0
DA:99,0
DA:100,0
DA:101,0
DA:102,0
DA:103,0
DA:106,0
DA:107,0
DA:110,0
DA:111,0
DA:114,0
DA:115,0
DA:116,0
DA:117,0
DA:120,0
DA:121,0
DA:122,0
DA:124,0
DA:126,0
DA:127,0
DA:128,0
DA:129,0
DA:131,0
DA:132,0
DA:133,0
DA:134,0
DA:135,0
DA:136,0
DA:141,0
DA:142,0
DA:143,0
DA:144,0
DA:147,0
DA:150,0
DA:151,0
DA:153,0
DA:154,0
DA:155,0
DA:157,0
DA:158,0
DA:159,0
DA:160,0
DA:163,0
DA:164,0
DA:165,0
DA:168,0
DA:169,0
DA:172,0
DA:175,0
DA:176,0
DA:180,0
DA:181,0
DA:182,0
DA:188,0
DA:192,0
DA:193,0
DA:196,0
DA:197,0
DA:202,0
DA:216,0
DA:234,0
DA:273,0
DA:304,0
DA:306,0
DA:330,0
DA:331,0
DA:334,0
LF:107
LH:0
BRDA:28,0,0,0
BRDA:31,1,0,0
BRDA:32,2,0,0
BRDA:34,3,0,0
BRDA:35,4,0,0
BRDA:55,5,0,0
BRDA:55,5,1,0
BRDA:84,6,0,0
BRDA:84,7,0,0
BRDA:86,8,0,0
BRDA:88,9,0,0
BRDA:88,9,1,0
BRDA:110,10,0,0
BRDA:110,10,1,0
BRDA:120,11,0,0
BRDA:120,11,1,0
BRDA:121,12,0,0
BRDA:121,12,1,0
BRDA:121,13,0,0
BRDA:121,13,1,0
BRDA:126,14,0,0
BRDA:126,14,1,0
BRDA:129,15,0,0
BRDA:129,15,1,0
BRDA:131,16,0,0
BRDA:131,16,1,0
BRDA:133,17,0,0
BRDA:133,17,1,0
BRDA:134,18,0,0
BRDA:142,19,0,0
BRDA:142,20,0,0
BRDA:142,20,1,0
BRDA:150,21,0,0
BRDA:150,21,1,0
BRDA:182,22,0,0
BRDA:183,23,0,0
BRDA:183,23,1,0
BRDA:183,23,2,0
BRDA:183,23,3,0
BRDA:212,24,0,0
BRDA:219,25,0,0
BRDA:219,25,1,0
BRDA:220,26,0,0
BRDA:220,26,1,0
BRDA:234,27,0,0
BRDA:234,28,0,0
BRDA:234,28,1,0
BRDA:245,29,0,0
BRDA:250,30,0,0
BRDA:250,30,1,0
BRDA:252,31,0,0
BRDA:252,31,1,0
BRDA:260,32,0,0
BRDA:274,33,0,0
BRDA:274,33,1,0
BRDA:278,34,0,0
BRDA:278,34,1,0
BRDA:289,35,0,0
BRDA:289,35,1,0
BRDA:298,36,0,0
BRDA:308,37,0,0
BRDA:308,37,1,0
BRDA:313,38,0,0
BRDA:324,39,0,0
BRDA:336,40,0,0
BRDA:336,40,1,0
BRDA:343,41,0,0
BRDA:343,41,1,0
BRDA:346,42,0,0
BRDA:346,42,1,0
BRDA:348,43,0,0
BRF:71
BRH:0
end_of_record
TN:
SF:src\components\hub\social-share.tsx
FN:29,SocialShare
FN:45,(anonymous_4)
FN:85,(anonymous_5)
FN:103,(anonymous_6)
FN:107,(anonymous_7)
FN:113,(anonymous_8)
FN:120,(anonymous_9)
FN:127,(anonymous_10)
FN:152,(anonymous_11)
FN:167,(anonymous_12)
FN:172,(anonymous_13)
FN:185,(anonymous_14)
FN:203,(anonymous_15)
FN:230,(anonymous_16)
FN:236,(anonymous_17)
FN:244,(anonymous_18)
FN:262,(anonymous_19)
FN:268,(anonymous_20)
FN:314,QuickShareButton
FN:323,(anonymous_22)
FNF:20
FNH:0
FNDA:0,SocialShare
FNDA:0,(anonymous_4)
FNDA:0,(anonymous_5)
FNDA:0,(anonymous_6)
FNDA:0,(anonymous_7)
FNDA:0,(anonymous_8)
FNDA:0,(anonymous_9)
FNDA:0,(anonymous_10)
FNDA:0,(anonymous_11)
FNDA:0,(anonymous_12)
FNDA:0,(anonymous_13)
FNDA:0,(anonymous_14)
FNDA:0,(anonymous_15)
FNDA:0,(anonymous_16)
FNDA:0,(anonymous_17)
FNDA:0,(anonymous_18)
FNDA:0,(anonymous_19)
FNDA:0,(anonymous_20)
FNDA:0,QuickShareButton
FNDA:0,(anonymous_22)
DA:3,0
DA:4,0
DA:15,0
DA:16,0
DA:17,0
DA:29,0
DA:38,0
DA:39,0
DA:40,0
DA:42,0
DA:43,0
DA:44,0
DA:45,0
DA:47,0
DA:85,0
DA:86,0
DA:87,0
DA:88,0
DA:94,0
DA:96,0
DA:99,0
DA:103,0
DA:104,0
DA:105,0
DA:106,0
DA:107,0
DA:109,0
DA:113,0
DA:114,0
DA:117,0
DA:121,0
DA:122,0
DA:127,0
DA:146,0
DA:152,0
DA:168,0
DA:169,0
DA:173,0
DA:174,0
DA:186,0
DA:187,0
DA:203,0
DA:230,0
DA:236,0
DA:244,0
DA:263,0
DA:264,0
DA:268,0
DA:314,0
DA:323,0
DA:324,0
DA:325,0
DA:326,0
DA:328,0
DA:332,0
DA:333,0
DA:336,0
LF:57
LH:0
BRDA:32,0,0,0
BRDA:33,1,0,0
BRDA:34,2,0,0
BRDA:35,3,0,0
BRDA:36,4,0,0
BRDA:59,5,0,0
BRDA:59,5,1,0
BRDA:59,6,0,0
BRDA:59,6,1,0
BRDA:86,7,0,0
BRDA:86,7,1,0
BRDA:117,8,0,0
BRDA:140,9,0,0
BRDA:146,10,0,0
BRDA:159,11,0,0
BRDA:191,12,0,0
BRDA:192,13,0,0
BRDA:192,13,1,0
BRDA:200,14,0,0
BRDA:224,15,0,0
BRDA:254,16,0,0
BRDA:291,17,0,0
BRDA:295,18,0,0
BRDA:317,19,0,0
BRDA:324,20,0,0
BRDA:324,20,1,0
BRF:26
BRH:0
end_of_record
TN:
SF:src\components\hub\stat-card.tsx
FN:35,StatCard
FN:44,(anonymous_2)
FNF:2
FNH:0
FNDA:0,StatCard
FNDA:0,(anonymous_2)
DA:1,0
DA:3,0
DA:4,0
DA:16,0
DA:35,0
DA:44,0
DA:45,0
DA:47,0
DA:49,0
DA:51,0
DA:53,0
LF:11
LH:0
BRDA:39,0,0,0
BRDA:40,1,0,0
BRDA:41,2,0,0
BRDA:42,3,0,0
BRDA:45,4,0,0
BRDA:47,5,0,0
BRDA:47,5,1,0
BRDA:47,5,2,0
BRF:8
BRH:0
end_of_record
TN:
SF:src\components\layout\hub-header.tsx
FN:35,HubHeader
FN:82,(anonymous_3)
FN:89,(anonymous_4)
FN:110,(anonymous_5)
FN:172,(anonymous_6)
FN:194,(anonymous_7)
FN:201,(anonymous_8)
FN:229,(anonymous_9)
FN:240,(anonymous_10)
FN:248,(anonymous_11)
FN:280,(anonymous_12)
FN:293,(anonymous_13)
FN:328,(anonymous_14)
FN:335,(anonymous_15)
FNF:14
FNH:0
FNDA:0,HubHeader
FNDA:0,(anonymous_3)
FNDA:0,(anonymous_4)
FNDA:0,(anonymous_5)
FNDA:0,(anonymous_6)
FNDA:0,(anonymous_7)
FNDA:0,(anonymous_8)
FNDA:0,(anonymous_9)
FNDA:0,(anonymous_10)
FNDA:0,(anonymous_11)
FNDA:0,(anonymous_12)
FNDA:0,(anonymous_13)
FNDA:0,(anonymous_14)
FNDA:0,(anonymous_15)
DA:3,0
DA:4,0
DA:5,0
DA:6,0
DA:21,0
DA:23,0
DA:24,0
DA:25,0
DA:35,0
DA:36,0
DA:37,0
DA:38,0
DA:39,0
DA:41,0
DA:74,0
DA:82,0
DA:83,0
DA:84,0
DA:86,0
DA:89,0
DA:90,0
DA:91,0
DA:111,0
DA:112,0
DA:114,0
DA:172,0
DA:195,0
DA:196,0
DA:201,0
DA:229,0
DA:240,0
DA:248,0
DA:281,0
DA:282,0
DA:284,0
DA:293,0
DA:329,0
DA:330,0
DA:335,0
LF:39
LH:0
BRDA:83,0,0,0
BRDA:90,1,0,0
BRDA:119,2,0,0
BRDA:119,2,1,0
BRDA:126,3,0,0
BRDA:131,4,0,0
BRDA:182,5,0,0
BRDA:207,6,0,0
BRDA:226,7,0,0
BRDA:250,8,0,0
BRDA:256,9,0,0
BRDA:272,10,0,0
BRDA:289,11,0,0
BRDA:289,11,1,0
BRDA:298,12,0,0
BRDA:302,13,0,0
BRDA:341,14,0,0
BRF:17
BRH:0
end_of_record
TN:
SF:src\components\ui\badge.tsx
FN:30,Badge
FNF:1
FNH:0
FNDA:0,Badge
DA:1,0
DA:2,0
DA:3,0
DA:5,0
DA:36,0
LF:5
LH:0
BRF:0
BRH:0
end_of_record
TN:
SF:src\components\ui\breadcrumbs.tsx
FN:20,Breadcrumbs
FN:34,(anonymous_5)
FN:66,useBreadcrumbs
FN:71,(anonymous_7)
FNF:4
FNH:0
FNDA:0,Breadcrumbs
FNDA:0,(anonymous_5)
FNDA:0,useBreadcrumbs
FNDA:0,(anonymous_7)
DA:3,0
DA:4,0
DA:5,0
DA:20,0
DA:26,0
DA:35,0
DA:36,0
DA:38,0
DA:66,0
DA:67,0
DA:69,0
DA:71,0
DA:72,0
DA:73,0
DA:76,0
DA:79,0
DA:80,0
DA:81,0
DA:82,0
DA:83,0
DA:86,0
DA:88,0
DA:94,0
LF:23
LH:0
BRDA:22,0,0,0
BRDA:23,1,0,0
BRDA:26,2,0,0
BRDA:26,2,1,0
BRDA:40,3,0,0
BRDA:40,3,1,0
BRDA:40,3,2,0
BRDA:43,4,0,0
BRDA:46,5,0,0
BRDA:45,6,0,0
BRDA:45,6,1,0
BRDA:53,7,0,0
BRDA:53,7,1,0
BRDA:67,8,0,0
BRDA:67,8,1,0
BRDA:76,9,0,0
BRDA:76,9,1,0
BRDA:79,10,0,0
BRDA:80,11,0,0
BRDA:81,12,0,0
BRDA:82,13,0,0
BRDA:83,14,0,0
BRDA:90,15,0,0
BRDA:90,15,1,0
BRF:24
BRH:0
end_of_record
TN:
SF:src\components\ui\button.tsx
FN:41,(anonymous_6)
FNF:1
FNH:0
FNDA:0,(anonymous_6)
DA:1,0
DA:2,0
DA:3,0
DA:5,0
DA:40,0
DA:76,0
DA:78,0
LF:7
LH:0
BRDA:41,0,0,0
BRDA:41,1,0,0
BRDA:46,2,0,0
BRDA:46,2,1,0
BRDA:49,3,0,0
BRF:5
BRH:0
end_of_record
TN:
SF:src\components\ui\card.tsx
FNF:0
FNH:0
DA:1,0
DA:2,0
DA:24,0
DA:36,0
DA:51,0
DA:63,0
DA:71,0
DA:83,0
DA:85,0
LF:9
LH:0
BRDA:10,0,0,0
BRDA:10,1,0,0
BRDA:15,2,0,0
BRDA:15,2,1,0
BRDA:16,3,0,0
BRDA:16,3,1,0
BRDA:17,4,0,0
BRDA:17,4,1,0
BRDA:18,5,0,0
BRDA:18,5,1,0
BRF:10
BRH:0
end_of_record
TN:
SF:src\components\ui\input.tsx
FN:8,(anonymous_4)
FNF:1
FNH:0
FNDA:0,(anonymous_4)
DA:1,0
DA:2,0
DA:7,0
DA:22,0
DA:24,0
LF:5
LH:0
BRF:0
BRH:0
end_of_record
TN:
SF:src\components\ui\modal.tsx
FN:26,Modal
FN:37,(anonymous_5)
FN:38,(anonymous_6)
FN:50,(anonymous_7)
FN:81,(anonymous_8)
FN:116,ModalBody
FN:124,ModalFooter
FNF:7
FNH:0
FNDA:0,Modal
FNDA:0,(anonymous_5)
FNDA:0,(anonymous_6)
FNDA:0,(anonymous_7)
FNDA:0,(anonymous_8)
FNDA:0,ModalBody
FNDA:0,ModalFooter
DA:1,0
DA:2,0
DA:3,0
DA:4,0
DA:5,0
DA:18,0
DA:26,0
DA:37,0
DA:38,0
DA:39,0
DA:40,0
DA:44,0
DA:45,0
DA:47,0
DA:50,0
DA:51,0
DA:52,0
DA:81,0
DA:116,0
DA:124,0
LF:20
LH:0
BRDA:31,0,0,0
BRDA:32,1,0,0
BRDA:33,2,0,0
BRDA:39,3,0,0
BRDA:39,4,0,0
BRDA:39,4,1,0
BRDA:44,5,0,0
BRDA:58,6,0,0
BRDA:67,7,0,0
BRDA:67,7,1,0
BRDA:84,8,0,0
BRDA:84,8,1,0
BRDA:86,9,0,0
BRDA:91,10,0,0
BRF:14
BRH:0
end_of_record
TN:
SF:src\components\ui\pagination.tsx
FN:16,Pagination
FN:26,(anonymous_7)
FN:79,(anonymous_8)
FN:88,(anonymous_9)
FN:107,(anonymous_10)
FN:124,(anonymous_11)
FN:145,PaginationInfo
FNF:7
FNH:0
FNDA:0,Pagination
FNDA:0,(anonymous_7)
FNDA:0,(anonymous_8)
FNDA:0,(anonymous_9)
FNDA:0,(anonymous_10)
FNDA:0,(anonymous_11)
FNDA:0,PaginationInfo
DA:1,0
DA:2,0
DA:3,0
DA:4,0
DA:16,0
DA:26,0
DA:27,0
DA:30,0
DA:31,0
DA:35,0
DA:36,0
DA:39,0
DA:40,0
DA:44,0
DA:45,0
DA:46,0
DA:47,0
DA:51,0
DA:52,0
DA:56,0
DA:57,0
DA:60,0
DA:63,0
DA:65,0
DA:79,0
DA:89,0
DA:90,0
DA:100,0
DA:102,0
DA:107,0
DA:124,0
DA:145,0
DA:152,0
DA:153,0
LF:34
LH:0
BRDA:20,0,0,0
BRDA:21,1,0,0
BRDA:22,2,0,0
BRDA:30,3,0,0
BRDA:39,4,0,0
BRDA:39,5,0,0
BRDA:39,5,1,0
BRDA:45,6,0,0
BRDA:45,7,0,0
BRDA:45,7,1,0
BRDA:46,8,0,0
BRDA:46,9,0,0
BRDA:46,9,1,0
BRDA:51,10,0,0
BRDA:51,11,0,0
BRDA:51,11,1,0
BRDA:56,12,0,0
BRDA:56,13,0,0
BRDA:56,13,1,0
BRDA:65,14,0,0
BRDA:75,15,0,0
BRDA:89,16,0,0
BRDA:105,17,0,0
BRDA:105,17,1,0
BRDA:109,18,0,0
BRDA:109,18,1,0
BRDA:111,19,0,0
BRDA:111,19,1,0
BRDA:120,20,0,0
BRF:29
BRH:0
end_of_record
TN:
SF:src\components\ui\progress.tsx
FN:14,(anonymous_4)
FNF:1
FNH:0
FNDA:0,(anonymous_4)
DA:1,0
DA:2,0
DA:13,0
DA:24,0
DA:26,0
DA:32,0
DA:70,0
DA:72,0
LF:8
LH:0
BRDA:16,0,0,0
BRDA:17,1,0,0
BRDA:18,2,0,0
BRDA:19,3,0,0
BRDA:20,4,0,0
BRDA:41,5,0,0
BRDA:44,6,0,0
BRDA:44,6,1,0
BRF:8
BRH:0
end_of_record
TN:
SF:src\components\ui\select.tsx
FN:11,(anonymous_4)
FN:27,(anonymous_5)
FNF:2
FNH:0
FNDA:0,(anonymous_4)
FNDA:0,(anonymous_5)
DA:1,0
DA:2,0
DA:3,0
DA:10,0
DA:28,0
DA:38,0
DA:40,0
LF:7
LH:0
BRDA:22,0,0,0
BRF:1
BRH:0
end_of_record
TN:
SF:src\components\ui\skeleton.tsx
FN:5,Skeleton
FN:15,SkeletonCard
FN:51,SkeletonStatCard
FN:66,SkeletonList
FN:69,(anonymous_10)
FN:82,SkeletonTable
FN:87,(anonymous_12)
FN:93,(anonymous_13)
FN:95,(anonymous_14)
FNF:9
FNH:0
FNDA:0,Skeleton
FNDA:0,SkeletonCard
FNDA:0,SkeletonStatCard
FNDA:0,SkeletonList
FNDA:0,(anonymous_10)
FNDA:0,SkeletonTable
FNDA:0,(anonymous_12)
FNDA:0,(anonymous_13)
FNDA:0,(anonymous_14)
DA:1,0
DA:15,0
DA:51,0
DA:66,0
DA:70,0
DA:82,0
DA:88,0
DA:94,0
DA:96,0
DA:104,0
LF:10
LH:0
BRDA:66,0,0,0
BRDA:82,1,0,0
BRDA:82,2,0,0
BRF:3
BRH:0
end_of_record
TN:
SF:src\components\ui\toast.tsx
FN:31,ToastProvider
FN:34,(anonymous_5)
FN:38,(anonymous_6)
FN:43,(anonymous_7)
FN:49,(anonymous_8)
FN:50,(anonymous_9)
FN:50,(anonymous_10)
FN:53,(anonymous_11)
FN:65,useToast
FN:73,ToastContainer
FN:79,(anonymous_14)
FN:83,(anonymous_15)
FN:96,ToastComponent
FN:97,(anonymous_17)
FN:110,(anonymous_18)
FN:168,useToastHelpers
FN:171,(anonymous_20)
FN:175,(anonymous_21)
FN:179,(anonymous_22)
FN:183,(anonymous_23)
FNF:20
FNH:0
FNDA:0,ToastProvider
FNDA:0,(anonymous_5)
FNDA:0,(anonymous_6)
FNDA:0,(anonymous_7)
FNDA:0,(anonymous_8)
FNDA:0,(anonymous_9)
FNDA:0,(anonymous_10)
FNDA:0,(anonymous_11)
FNDA:0,useToast
FNDA:0,ToastContainer
FNDA:0,(anonymous_14)
FNDA:0,(anonymous_15)
FNDA:0,ToastComponent
FNDA:0,(anonymous_17)
FNDA:0,(anonymous_18)
FNDA:0,useToastHelpers
FNDA:0,(anonymous_20)
FNDA:0,(anonymous_21)
FNDA:0,(anonymous_22)
FNDA:0,(anonymous_23)
DA:3,0
DA:4,0
DA:5,0
DA:6,0
DA:29,0
DA:31,0
DA:32,0
DA:34,0
DA:35,0
DA:36,0
DA:38,0
DA:41,0
DA:42,0
DA:43,0
DA:44,0
DA:49,0
DA:50,0
DA:53,0
DA:54,0
DA:65,0
DA:66,0
DA:67,0
DA:68,0
DA:70,0
DA:74,0
DA:80,0
DA:83,0
DA:97,0
DA:98,0
DA:110,0
DA:111,0
DA:113,0
DA:115,0
DA:117,0
DA:119,0
DA:168,0
DA:169,0
DA:171,0
DA:172,0
DA:175,0
DA:176,0
DA:179,0
DA:180,0
DA:183,0
DA:184,0
DA:187,0
LF:46
LH:0
BRDA:41,0,0,0
BRDA:41,0,1,0
BRDA:42,1,0,0
BRDA:67,2,0,0
BRDA:111,3,0,0
BRDA:111,3,1,0
BRDA:111,3,2,0
BRDA:111,3,3,0
BRDA:141,4,0,0
BRDA:146,5,0,0
BRF:10
BRH:0
end_of_record
TN:
SF:src\hooks\useDebounce.ts
FN:9,useDebounce
FN:12,(anonymous_2)
FN:14,(anonymous_3)
FN:19,(anonymous_4)
FNF:4
FNH:0
FNDA:0,useDebounce
FNDA:0,(anonymous_2)
FNDA:0,(anonymous_3)
FNDA:0,(anonymous_4)
DA:1,0
DA:9,0
DA:10,0
DA:12,0
DA:14,0
DA:15,0
DA:19,0
DA:20,0
DA:24,0
LF:9
LH:0
BRF:0
BRH:0
end_of_record
TN:
SF:src\hooks\useSearchHistory.ts
FN:14,useSearchHistory
FN:18,(anonymous_2)
FN:31,(anonymous_3)
FN:44,(anonymous_4)
FN:52,(anonymous_5)
FN:53,(anonymous_6)
FN:59,(anonymous_7)
FN:65,(anonymous_8)
FN:68,(anonymous_9)
FNF:9
FNH:0
FNDA:0,useSearchHistory
FNDA:0,(anonymous_2)
FNDA:0,(anonymous_3)
FNDA:0,(anonymous_4)
FNDA:0,(anonymous_5)
FNDA:0,(anonymous_6)
FNDA:0,(anonymous_7)
FNDA:0,(anonymous_8)
FNDA:0,(anonymous_9)
DA:1,0
DA:11,0
DA:12,0
DA:14,0
DA:15,0
DA:18,0
DA:19,0
DA:20,0
DA:21,0
DA:22,0
DA:23,0
DA:26,0
DA:31,0
DA:32,0
DA:34,0
DA:42,0
DA:44,0
DA:47,0
DA:48,0
DA:52,0
DA:53,0
DA:54,0
DA:55,0
DA:59,0
DA:60,0
DA:61,0
DA:65,0
DA:66,0
DA:68,0
DA:71,0
LF:30
LH:0
BRDA:21,0,0,0
BRDA:31,1,0,0
BRDA:32,2,0,0
BRDA:65,3,0,0
BRF:4
BRH:0
end_of_record
TN:
SF:src\hooks\useUrlState.ts
FN:4,useUrlState
FN:13,(anonymous_2)
FN:17,(anonymous_3)
FN:47,(anonymous_4)
FN:51,(anonymous_5)
FN:52,(anonymous_6)
FN:57,(anonymous_7)
FN:86,(anonymous_8)
FNF:8
FNH:0
FNDA:0,useUrlState
FNDA:0,(anonymous_2)
FNDA:0,(anonymous_3)
FNDA:0,(anonymous_4)
FNDA:0,(anonymous_5)
FNDA:0,(anonymous_6)
FNDA:0,(anonymous_7)
FNDA:0,(anonymous_8)
DA:1,0
DA:2,0
DA:4,0
DA:8,0
DA:9,0
DA:10,0
DA:13,0
DA:14,0
DA:15,0
DA:17,0
DA:18,0
DA:19,0
DA:21,0
DA:22,0
DA:23,0
DA:24,0
DA:25,0
DA:26,0
DA:29,0
DA:35,0
DA:36,0
DA:37,0
DA:38,0
DA:39,0
DA:40,0
DA:43,0
DA:47,0
DA:51,0
DA:52,0
DA:53,0
DA:56,0
DA:57,0
DA:58,0
DA:60,0
DA:61,0
DA:66,0
DA:70,0
DA:73,0
DA:74,0
DA:75,0
DA:77,0
DA:81,0
DA:86,0
DA:87,0
DA:88,0
DA:90,0
DA:91,0
DA:92,0
DA:94,0
DA:99,0
LF:50
LH:0
BRDA:19,0,0,0
BRDA:21,1,0,0
BRDA:21,1,1,0
BRDA:23,2,0,0
BRDA:23,2,1,0
BRDA:25,3,0,0
BRDA:35,4,0,0
BRDA:38,5,0,0
BRDA:58,6,0,0
BRDA:58,7,0,0
BRDA:58,7,1,0
BRDA:58,7,2,0
BRDA:60,8,0,0
BRDA:66,9,0,0
BRDA:66,9,1,0
BRDA:73,10,0,0
BRDA:90,11,0,0
BRF:17
BRH:0
end_of_record
TN:
SF:src\utils\format.ts
FN:5,formatCurrency
FN:12,formatNumber
FN:16,formatDate
FN:25,formatDistanceToNow
FN:38,formatPercentage
FN:43,truncateText
FNF:6
FNH:0
FNDA:0,formatCurrency
FNDA:0,formatNumber
FNDA:0,formatDate
FNDA:0,formatDistanceToNow
FNDA:0,formatPercentage
FNDA:0,truncateText
DA:5,0
DA:6,0
DA:12,0
DA:13,0
DA:16,0
DA:17,0
DA:18,0
DA:25,0
DA:26,0
DA:27,0
DA:28,0
DA:30,0
DA:31,0
DA:32,0
DA:33,0
DA:34,0
DA:35,0
DA:38,0
DA:39,0
DA:40,0
DA:43,0
DA:44,0
DA:45,0
LF:23
LH:0
BRDA:5,0,0,0
BRDA:17,1,0,0
BRDA:17,1,1,0
BRDA:30,2,0,0
BRDA:31,3,0,0
BRDA:32,4,0,0
BRDA:33,5,0,0
BRDA:34,6,0,0
BRDA:44,7,0,0
BRF:9
BRH:0
end_of_record
